This file contains any messages produced by compilers while
running configure, to aid debugging if configure makes a mistake.

It was created by libffi configure 3.4.2, which was
generated by GNU Autoconf 2.72.  Invocation command line was

  $ /Users/sariha/Desktop/Test_Kivy/.buildozer/android/platform/build-arm64-v8a_armeabi-v7a/build/other_builds/libffi/arm64-v8a__ndk_target_21/libffi/configure --host=aarch64-linux-android --prefix=/Users/sariha/Desktop/Test_Kivy/.buildozer/android/platform/build-arm64-v8a_armeabi-v7a/build/other_builds/libffi/arm64-v8a__ndk_target_21/libffi --disable-builddir --enable-shared

## --------- ##
## Platform. ##
## --------- ##

hostname = Sarihas-MacBook-Air.local
uname -m = arm64
uname -r = 24.0.0
uname -s = Darwin
uname -v = Darwin Kernel Version 24.0.0: Tue Sep 24 23:36:26 PDT 2024; root:xnu-11215.1.12~1/RELEASE_ARM64_T8103

/usr/bin/uname -p = arm
/bin/uname -X     = unknown

/bin/arch              = unknown
/usr/bin/arch -k       = unknown
/usr/convex/getsysinfo = unknown
/usr/bin/hostinfo      = Mach kernel version:
	 Darwin Kernel Version 24.0.0: Tue Sep 24 23:36:26 PDT 2024; root:xnu-11215.1.12~1/RELEASE_ARM64_T8103
Kernel configured for up to 8 processors.
8 processors are physically available.
8 processors are logically available.
Processor type: arm64e (ARM64E)
Processors active: 0 1 2 3 4 5 6 7
Primary memory available: 8.00 gigabytes
Default processor set: 468 tasks, 3012 threads, 8 processors
Load average: 2.03, Mach factor: 5.96
/bin/machine           = unknown
/usr/bin/oslevel       = unknown
/bin/universe          = unknown

PATH: /Users/sariha/.buildozer/android/platform/android-ndk-r25b/toolchains/llvm/prebuilt/darwin-x86_64/bin/
PATH: /Users/sariha/.buildozer/android/platform/android-ndk-r25b/
PATH: /Users/sariha/.buildozer/android/platform/android-sdk/tools/
PATH: /Users/sariha/.buildozer/android/platform/apache-ant-1.9.4/bin/
PATH: /opt/homebrew/bin/
PATH: /Users/sariha/.vscode/extensions/ms-python.python-2024.16.1-darwin-arm64/python_files/deactivate/zsh/
PATH: /Users/sariha/Library/Caches/pypoetry/virtualenvs/test-kivy-CRMs2k4i-py3.12/bin/
PATH: /opt/anaconda3/bin/
PATH: /opt/anaconda3/condabin/
PATH: /Users/sariha/.vscode/extensions/ms-python.python-2024.16.1-darwin-arm64/python_files/deactivate/zsh/
PATH: /Users/sariha/Library/Caches/pypoetry/virtualenvs/test-kivy-CRMs2k4i-py3.12/bin/
PATH: /opt/homebrew/bin/
PATH: /opt/homebrew/sbin/
PATH: /Library/Frameworks/Python.framework/Versions/3.11/bin/
PATH: /Users/sariha/Library/Android/sdk/platform-tools/
PATH: /Users/sariha/Library/Android/sdk/emulator/
PATH: /usr/local/bin/
PATH: /usr/bin/
PATH: /bin/
PATH: /usr/sbin/
PATH: /sbin/
PATH: /var/run/com.apple.security.cryptexd/codex.system/bootstrap/usr/local/bin/
PATH: /var/run/com.apple.security.cryptexd/codex.system/bootstrap/usr/bin/
PATH: /var/run/com.apple.security.cryptexd/codex.system/bootstrap/usr/appleinternal/bin/
PATH: /usr/local/share/dotnet/
PATH: /Users/sariha/.vscode/extensions/ms-python.python-2024.16.1-darwin-arm64/python_files/deactivate/zsh/
PATH: /Users/sariha/Library/Caches/pypoetry/virtualenvs/test-kivy-CRMs2k4i-py3.12/bin/
PATH: /Users/sariha/mongoDB/bin/
PATH: /Users/sariha/mongoDB/bin/
PATH: /Users/sariha/mongoDB/bin/


## ----------- ##
## Core tests. ##
## ----------- ##

configure:3104: looking for aux files: ltmain.sh compile missing install-sh config.guess config.sub
configure:3117:  trying ./
configure:3146:   ./ltmain.sh found
configure:3146:   ./compile found
configure:3146:   ./missing found
configure:3128:   ./install-sh found
configure:3146:   ./config.guess found
configure:3146:   ./config.sub found
configure:3268: checking build system type
configure:3284: result: aarch64-apple-darwin24.0.0
configure:3304: checking host system type
configure:3319: result: aarch64-unknown-linux-android
configure:3339: checking target system type
configure:3354: result: aarch64-unknown-linux-android
configure:3454: checking for gsed
configure:3491: result: sed
configure:3520: checking for a BSD-compatible install
configure:3594: result: /usr/bin/install -c
configure:3605: checking whether sleep supports fractional seconds
configure:3621: result: yes
configure:3624: checking filesystem timestamp resolution
configure:3759: result: 2
configure:3764: checking whether build environment is sane
configure:3805: result: yes
configure:3867: checking for aarch64-linux-android-strip
configure:3900: result: /Users/sariha/.buildozer/android/platform/android-ndk-r25b/toolchains/llvm/prebuilt/darwin-x86_64/bin/llvm-strip --strip-unneeded
configure:3972: checking for a race-free mkdir -p
configure:4015: result: mkdir -p
configure:4022: checking for gawk
configure:4058: result: no
configure:4022: checking for mawk
configure:4058: result: no
configure:4022: checking for nawk
configure:4058: result: no
configure:4022: checking for awk
configure:4043: found /usr/bin/awk
configure:4055: result: awk
configure:4066: checking whether make -j8 sets $(MAKE)
configure:4090: result: yes
configure:4116: checking whether make -j8 supports nested variables
configure:4135: result: yes
configure:4149: checking xargs -n works
configure:4165: result: yes
configure:4291: checking for aarch64-linux-android-gcc
configure:4324: result: /Users/sariha/.buildozer/android/platform/android-ndk-r25b/toolchains/llvm/prebuilt/darwin-x86_64/bin/clang -target aarch64-linux-android21 -fomit-frame-pointer -march=armv8-a -fPIC
configure:4729: checking for C compiler version
configure:4738: /Users/sariha/.buildozer/android/platform/android-ndk-r25b/toolchains/llvm/prebuilt/darwin-x86_64/bin/clang -target aarch64-linux-android21 -fomit-frame-pointer -march=armv8-a -fPIC --version >&5
Android (8490178, based on r450784d) clang version 14.0.6 (https://android.googlesource.com/toolchain/llvm-project 4c603efb0cca074e9238af8b4106c30add4418f6)
Target: aarch64-unknown-linux-android21
Thread model: posix
InstalledDir: /Users/sariha/.buildozer/android/platform/android-ndk-r25b/toolchains/llvm/prebuilt/darwin-x86_64/bin
configure:4749: $? = 0
configure:4738: /Users/sariha/.buildozer/android/platform/android-ndk-r25b/toolchains/llvm/prebuilt/darwin-x86_64/bin/clang -target aarch64-linux-android21 -fomit-frame-pointer -march=armv8-a -fPIC -v >&5
Android (8490178, based on r450784d) clang version 14.0.6 (https://android.googlesource.com/toolchain/llvm-project 4c603efb0cca074e9238af8b4106c30add4418f6)
Target: aarch64-unknown-linux-android21
Thread model: posix
InstalledDir: /Users/sariha/.buildozer/android/platform/android-ndk-r25b/toolchains/llvm/prebuilt/darwin-x86_64/bin
clang-14: warning: argument unused during compilation: '-fomit-frame-pointer' [-Wunused-command-line-argument]
clang-14: warning: argument unused during compilation: '-fPIC' [-Wunused-command-line-argument]
configure:4749: $? = 0
configure:4738: /Users/sariha/.buildozer/android/platform/android-ndk-r25b/toolchains/llvm/prebuilt/darwin-x86_64/bin/clang -target aarch64-linux-android21 -fomit-frame-pointer -march=armv8-a -fPIC -V >&5
clang-14: error: argument to '-V' is missing (expected 1 value)
clang-14: error: no input files
configure:4749: $? = 1
configure:4738: /Users/sariha/.buildozer/android/platform/android-ndk-r25b/toolchains/llvm/prebuilt/darwin-x86_64/bin/clang -target aarch64-linux-android21 -fomit-frame-pointer -march=armv8-a -fPIC -qversion >&5
clang-14: error: unknown argument '-qversion'; did you mean '--version'?
clang-14: error: no input files
configure:4749: $? = 1
configure:4738: /Users/sariha/.buildozer/android/platform/android-ndk-r25b/toolchains/llvm/prebuilt/darwin-x86_64/bin/clang -target aarch64-linux-android21 -fomit-frame-pointer -march=armv8-a -fPIC -version >&5
clang-14: error: unknown argument '-version'; did you mean '--version'?
clang-14: error: no input files
configure:4749: $? = 1
configure:4769: checking whether the C compiler works
configure:4791: /Users/sariha/.buildozer/android/platform/android-ndk-r25b/toolchains/llvm/prebuilt/darwin-x86_64/bin/clang -target aarch64-linux-android21 -fomit-frame-pointer -march=armv8-a -fPIC -target aarch64-linux-android21 -fomit-frame-pointer -march=armv8-a -fPIC -DANDROID -I/Users/sariha/.buildozer/android/platform/android-ndk-r25b/toolchains/llvm/prebuilt/darwin-x86_64/sysroot/usr/include -I/Users/sariha/Desktop/Test_Kivy/.buildozer/android/platform/build-arm64-v8a_armeabi-v7a/build/python-installs/myapp/arm64-v8a/include/python3.1   -L/Users/sariha/Desktop/Test_Kivy/.buildozer/android/platform/build-arm64-v8a_armeabi-v7a/build/libs_collections/myapp/arm64-v8a conftest.c  >&5
configure:4795: $? = 0
configure:4846: result: yes
configure:4850: checking for C compiler default output file name
configure:4852: result: a.out
configure:4858: checking for suffix of executables
configure:4865: /Users/sariha/.buildozer/android/platform/android-ndk-r25b/toolchains/llvm/prebuilt/darwin-x86_64/bin/clang -target aarch64-linux-android21 -fomit-frame-pointer -march=armv8-a -fPIC -o conftest -target aarch64-linux-android21 -fomit-frame-pointer -march=armv8-a -fPIC -DANDROID -I/Users/sariha/.buildozer/android/platform/android-ndk-r25b/toolchains/llvm/prebuilt/darwin-x86_64/sysroot/usr/include -I/Users/sariha/Desktop/Test_Kivy/.buildozer/android/platform/build-arm64-v8a_armeabi-v7a/build/python-installs/myapp/arm64-v8a/include/python3.1   -L/Users/sariha/Desktop/Test_Kivy/.buildozer/android/platform/build-arm64-v8a_armeabi-v7a/build/libs_collections/myapp/arm64-v8a conftest.c  >&5
configure:4869: $? = 0
configure:4893: result: 
configure:4917: checking whether we are cross compiling
configure:4925: /Users/sariha/.buildozer/android/platform/android-ndk-r25b/toolchains/llvm/prebuilt/darwin-x86_64/bin/clang -target aarch64-linux-android21 -fomit-frame-pointer -march=armv8-a -fPIC -o conftest -target aarch64-linux-android21 -fomit-frame-pointer -march=armv8-a -fPIC -DANDROID -I/Users/sariha/.buildozer/android/platform/android-ndk-r25b/toolchains/llvm/prebuilt/darwin-x86_64/sysroot/usr/include -I/Users/sariha/Desktop/Test_Kivy/.buildozer/android/platform/build-arm64-v8a_armeabi-v7a/build/python-installs/myapp/arm64-v8a/include/python3.1   -L/Users/sariha/Desktop/Test_Kivy/.buildozer/android/platform/build-arm64-v8a_armeabi-v7a/build/libs_collections/myapp/arm64-v8a conftest.c  >&5
configure:4929: $? = 0
configure:4936: ./conftest
/Users/sariha/Desktop/Test_Kivy/.buildozer/android/platform/build-arm64-v8a_armeabi-v7a/build/other_builds/libffi/arm64-v8a__ndk_target_21/libffi/configure: line 4938: ./conftest: cannot execute binary file
configure:4940: $? = 126
configure:4955: result: yes
configure:4961: checking for suffix of object files
configure:4984: /Users/sariha/.buildozer/android/platform/android-ndk-r25b/toolchains/llvm/prebuilt/darwin-x86_64/bin/clang -target aarch64-linux-android21 -fomit-frame-pointer -march=armv8-a -fPIC -c -target aarch64-linux-android21 -fomit-frame-pointer -march=armv8-a -fPIC -DANDROID -I/Users/sariha/.buildozer/android/platform/android-ndk-r25b/toolchains/llvm/prebuilt/darwin-x86_64/sysroot/usr/include -I/Users/sariha/Desktop/Test_Kivy/.buildozer/android/platform/build-arm64-v8a_armeabi-v7a/build/python-installs/myapp/arm64-v8a/include/python3.1 conftest.c >&5
configure:4988: $? = 0
configure:5012: result: o
configure:5016: checking whether the compiler supports GNU C
configure:5036: /Users/sariha/.buildozer/android/platform/android-ndk-r25b/toolchains/llvm/prebuilt/darwin-x86_64/bin/clang -target aarch64-linux-android21 -fomit-frame-pointer -march=armv8-a -fPIC -c -target aarch64-linux-android21 -fomit-frame-pointer -march=armv8-a -fPIC -DANDROID -I/Users/sariha/.buildozer/android/platform/android-ndk-r25b/toolchains/llvm/prebuilt/darwin-x86_64/sysroot/usr/include -I/Users/sariha/Desktop/Test_Kivy/.buildozer/android/platform/build-arm64-v8a_armeabi-v7a/build/python-installs/myapp/arm64-v8a/include/python3.1 conftest.c >&5
configure:5036: $? = 0
configure:5048: result: yes
configure:5059: checking whether /Users/sariha/.buildozer/android/platform/android-ndk-r25b/toolchains/llvm/prebuilt/darwin-x86_64/bin/clang -target aarch64-linux-android21 -fomit-frame-pointer -march=armv8-a -fPIC accepts -g
configure:5080: /Users/sariha/.buildozer/android/platform/android-ndk-r25b/toolchains/llvm/prebuilt/darwin-x86_64/bin/clang -target aarch64-linux-android21 -fomit-frame-pointer -march=armv8-a -fPIC -c -g -DANDROID -I/Users/sariha/.buildozer/android/platform/android-ndk-r25b/toolchains/llvm/prebuilt/darwin-x86_64/sysroot/usr/include -I/Users/sariha/Desktop/Test_Kivy/.buildozer/android/platform/build-arm64-v8a_armeabi-v7a/build/python-installs/myapp/arm64-v8a/include/python3.1 conftest.c >&5
configure:5080: $? = 0
configure:5127: result: yes
configure:5147: checking for /Users/sariha/.buildozer/android/platform/android-ndk-r25b/toolchains/llvm/prebuilt/darwin-x86_64/bin/clang -target aarch64-linux-android21 -fomit-frame-pointer -march=armv8-a -fPIC option to enable C11 features
configure:5162: /Users/sariha/.buildozer/android/platform/android-ndk-r25b/toolchains/llvm/prebuilt/darwin-x86_64/bin/clang -target aarch64-linux-android21 -fomit-frame-pointer -march=armv8-a -fPIC  -c -target aarch64-linux-android21 -fomit-frame-pointer -march=armv8-a -fPIC -DANDROID -I/Users/sariha/.buildozer/android/platform/android-ndk-r25b/toolchains/llvm/prebuilt/darwin-x86_64/sysroot/usr/include -I/Users/sariha/Desktop/Test_Kivy/.buildozer/android/platform/build-arm64-v8a_armeabi-v7a/build/python-installs/myapp/arm64-v8a/include/python3.1 conftest.c >&5
configure:5162: $? = 0
configure:5181: result: none needed
configure:5305: checking whether /Users/sariha/.buildozer/android/platform/android-ndk-r25b/toolchains/llvm/prebuilt/darwin-x86_64/bin/clang -target aarch64-linux-android21 -fomit-frame-pointer -march=armv8-a -fPIC understands -c and -o together
configure:5328: /Users/sariha/.buildozer/android/platform/android-ndk-r25b/toolchains/llvm/prebuilt/darwin-x86_64/bin/clang -target aarch64-linux-android21 -fomit-frame-pointer -march=armv8-a -fPIC -c conftest.c -o conftest2.o
configure:5331: $? = 0
configure:5328: /Users/sariha/.buildozer/android/platform/android-ndk-r25b/toolchains/llvm/prebuilt/darwin-x86_64/bin/clang -target aarch64-linux-android21 -fomit-frame-pointer -march=armv8-a -fPIC -c conftest.c -o conftest2.o
configure:5331: $? = 0
configure:5344: result: yes
configure:5364: checking whether make -j8 supports the include directive
configure:5379: make -j8 -f confmf.GNU && cat confinc.out
this is the am__doit target
configure:5382: $? = 0
configure:5401: result: yes (GNU style)
configure:5427: checking dependency style of /Users/sariha/.buildozer/android/platform/android-ndk-r25b/toolchains/llvm/prebuilt/darwin-x86_64/bin/clang -target aarch64-linux-android21 -fomit-frame-pointer -march=armv8-a -fPIC
configure:5540: result: gcc3
configure:5685: checking for C++ compiler version
configure:5694: /Users/sariha/.buildozer/android/platform/android-ndk-r25b/toolchains/llvm/prebuilt/darwin-x86_64/bin/clang++ -target aarch64-linux-android21 -fomit-frame-pointer -march=armv8-a -fPIC --version >&5
Android (8490178, based on r450784d) clang version 14.0.6 (https://android.googlesource.com/toolchain/llvm-project 4c603efb0cca074e9238af8b4106c30add4418f6)
Target: aarch64-unknown-linux-android21
Thread model: posix
InstalledDir: /Users/sariha/.buildozer/android/platform/android-ndk-r25b/toolchains/llvm/prebuilt/darwin-x86_64/bin
configure:5705: $? = 0
configure:5694: /Users/sariha/.buildozer/android/platform/android-ndk-r25b/toolchains/llvm/prebuilt/darwin-x86_64/bin/clang++ -target aarch64-linux-android21 -fomit-frame-pointer -march=armv8-a -fPIC -v >&5
Android (8490178, based on r450784d) clang version 14.0.6 (https://android.googlesource.com/toolchain/llvm-project 4c603efb0cca074e9238af8b4106c30add4418f6)
Target: aarch64-unknown-linux-android21
Thread model: posix
InstalledDir: /Users/sariha/.buildozer/android/platform/android-ndk-r25b/toolchains/llvm/prebuilt/darwin-x86_64/bin
clang-14: warning: argument unused during compilation: '-fomit-frame-pointer' [-Wunused-command-line-argument]
clang-14: warning: argument unused during compilation: '-fPIC' [-Wunused-command-line-argument]
configure:5705: $? = 0
configure:5694: /Users/sariha/.buildozer/android/platform/android-ndk-r25b/toolchains/llvm/prebuilt/darwin-x86_64/bin/clang++ -target aarch64-linux-android21 -fomit-frame-pointer -march=armv8-a -fPIC -V >&5
clang-14: error: argument to '-V' is missing (expected 1 value)
clang-14: error: no input files
configure:5705: $? = 1
configure:5694: /Users/sariha/.buildozer/android/platform/android-ndk-r25b/toolchains/llvm/prebuilt/darwin-x86_64/bin/clang++ -target aarch64-linux-android21 -fomit-frame-pointer -march=armv8-a -fPIC -qversion >&5
clang-14: error: unknown argument '-qversion'; did you mean '--version'?
clang-14: error: no input files
configure:5705: $? = 1
configure:5709: checking whether the compiler supports GNU C++
configure:5729: /Users/sariha/.buildozer/android/platform/android-ndk-r25b/toolchains/llvm/prebuilt/darwin-x86_64/bin/clang++ -target aarch64-linux-android21 -fomit-frame-pointer -march=armv8-a -fPIC -c -target aarch64-linux-android21 -fomit-frame-pointer -march=armv8-a -fPIC -DANDROID -I/Users/sariha/.buildozer/android/platform/android-ndk-r25b/toolchains/llvm/prebuilt/darwin-x86_64/sysroot/usr/include -I/Users/sariha/Desktop/Test_Kivy/.buildozer/android/platform/build-arm64-v8a_armeabi-v7a/build/python-installs/myapp/arm64-v8a/include/python3.1 conftest.cpp >&5
configure:5729: $? = 0
configure:5741: result: yes
configure:5752: checking whether /Users/sariha/.buildozer/android/platform/android-ndk-r25b/toolchains/llvm/prebuilt/darwin-x86_64/bin/clang++ -target aarch64-linux-android21 -fomit-frame-pointer -march=armv8-a -fPIC accepts -g
configure:5773: /Users/sariha/.buildozer/android/platform/android-ndk-r25b/toolchains/llvm/prebuilt/darwin-x86_64/bin/clang++ -target aarch64-linux-android21 -fomit-frame-pointer -march=armv8-a -fPIC -c -g -DANDROID -I/Users/sariha/.buildozer/android/platform/android-ndk-r25b/toolchains/llvm/prebuilt/darwin-x86_64/sysroot/usr/include -I/Users/sariha/Desktop/Test_Kivy/.buildozer/android/platform/build-arm64-v8a_armeabi-v7a/build/python-installs/myapp/arm64-v8a/include/python3.1 conftest.cpp >&5
configure:5773: $? = 0
configure:5820: result: yes
configure:5840: checking for /Users/sariha/.buildozer/android/platform/android-ndk-r25b/toolchains/llvm/prebuilt/darwin-x86_64/bin/clang++ -target aarch64-linux-android21 -fomit-frame-pointer -march=armv8-a -fPIC option to enable C++11 features
configure:5855: /Users/sariha/.buildozer/android/platform/android-ndk-r25b/toolchains/llvm/prebuilt/darwin-x86_64/bin/clang++ -target aarch64-linux-android21 -fomit-frame-pointer -march=armv8-a -fPIC  -c -target aarch64-linux-android21 -fomit-frame-pointer -march=armv8-a -fPIC -DANDROID -I/Users/sariha/.buildozer/android/platform/android-ndk-r25b/toolchains/llvm/prebuilt/darwin-x86_64/sysroot/usr/include -I/Users/sariha/Desktop/Test_Kivy/.buildozer/android/platform/build-arm64-v8a_armeabi-v7a/build/python-installs/myapp/arm64-v8a/include/python3.1 conftest.cpp >&5
conftest.cpp:177:25: warning: empty parentheses interpreted as a function declaration [-Wvexing-parse]
  cxx11test::delegate d2();
                        ^~
conftest.cpp:177:25: note: remove parentheses to declare a variable
  cxx11test::delegate d2();
                        ^~
1 warning generated.
configure:5855: $? = 0
configure:5874: result: none needed
configure:5945: checking dependency style of /Users/sariha/.buildozer/android/platform/android-ndk-r25b/toolchains/llvm/prebuilt/darwin-x86_64/bin/clang++ -target aarch64-linux-android21 -fomit-frame-pointer -march=armv8-a -fPIC
configure:6058: result: gcc3
configure:6088: checking dependency style of /Users/sariha/.buildozer/android/platform/android-ndk-r25b/toolchains/llvm/prebuilt/darwin-x86_64/bin/clang -target aarch64-linux-android21 -fomit-frame-pointer -march=armv8-a -fPIC
configure:6199: result: gcc3
configure:6262: checking how to print strings
configure:6289: result: printf
configure:6310: checking for a sed that does not truncate output
configure:6382: result: /usr/bin/sed
configure:6400: checking for grep that handles long lines and -e
configure:6466: result: /usr/bin/grep
configure:6471: checking for egrep
configure:6541: result: /usr/bin/grep -E
configure:6548: checking for fgrep
configure:6618: result: /usr/bin/grep -F
configure:6655: checking for ld used by /Users/sariha/.buildozer/android/platform/android-ndk-r25b/toolchains/llvm/prebuilt/darwin-x86_64/bin/clang -target aarch64-linux-android21 -fomit-frame-pointer -march=armv8-a -fPIC
configure:6724: result: /Users/sariha/.buildozer/android/platform/android-ndk-r25b/toolchains/llvm/prebuilt/darwin-x86_64/bin/ld
configure:6731: checking if the linker (/Users/sariha/.buildozer/android/platform/android-ndk-r25b/toolchains/llvm/prebuilt/darwin-x86_64/bin/ld) is GNU ld
configure:6748: result: yes
configure:6760: checking for BSD- or MS-compatible name lister (nm)
configure:6816: result: no
configure:6830: checking for aarch64-linux-android-dumpbin
configure:6866: result: no
configure:6830: checking for aarch64-linux-android-link
configure:6866: result: no
configure:6880: checking for dumpbin
configure:6916: result: no
configure:6880: checking for link
configure:6901: found /bin/link
configure:6913: result: link -dump
configure:6929: WARNING: using cross tools not prefixed with host triplet
configure:6958: checking the name lister (nm) interface
configure:6966: /Users/sariha/.buildozer/android/platform/android-ndk-r25b/toolchains/llvm/prebuilt/darwin-x86_64/bin/clang -target aarch64-linux-android21 -fomit-frame-pointer -march=armv8-a -fPIC -c -target aarch64-linux-android21 -fomit-frame-pointer -march=armv8-a -fPIC -DANDROID -I/Users/sariha/.buildozer/android/platform/android-ndk-r25b/toolchains/llvm/prebuilt/darwin-x86_64/sysroot/usr/include -I/Users/sariha/Desktop/Test_Kivy/.buildozer/android/platform/build-arm64-v8a_armeabi-v7a/build/python-installs/myapp/arm64-v8a/include/python3.1 conftest.c >&5
configure:6969: nm "conftest.o"
configure:6972: output
configure:6980: result: BSD nm
configure:6983: checking whether ln -s works
configure:6987: result: yes
configure:6995: checking the maximum length of command line arguments
configure:7128: result: 786432
configure:7176: checking how to convert aarch64-apple-darwin24.0.0 file names to aarch64-unknown-linux-android format
configure:7218: result: func_convert_file_noop
configure:7225: checking how to convert aarch64-apple-darwin24.0.0 file names to toolchain format
configure:7247: result: func_convert_file_noop
configure:7254: checking for /Users/sariha/.buildozer/android/platform/android-ndk-r25b/toolchains/llvm/prebuilt/darwin-x86_64/bin/ld option to reload object files
configure:7263: result: -r
configure:7296: checking for file
configure:7317: found /usr/bin/file
configure:7330: result: file
configure:7347: checking for aarch64-linux-android-objdump
configure:7383: result: no
configure:7393: checking for objdump
configure:7414: found /usr/bin/objdump
configure:7426: result: objdump
configure:7458: checking how to recognize dependent libraries
configure:7659: result: pass_all
configure:7704: checking for aarch64-linux-android-dlltool
configure:7740: result: no
configure:7750: checking for dlltool
configure:7786: result: no
configure:7816: checking how to associate runtime and link libraries
configure:7845: result: printf %s\n
configure:7860: checking for aarch64-linux-android-ranlib
configure:7893: result: /Users/sariha/.buildozer/android/platform/android-ndk-r25b/toolchains/llvm/prebuilt/darwin-x86_64/bin/llvm-ranlib
configure:7966: checking for aarch64-linux-android-ar
configure:7999: result: /Users/sariha/.buildozer/android/platform/android-ndk-r25b/toolchains/llvm/prebuilt/darwin-x86_64/bin/llvm-ar
configure:8102: checking for archiver @FILE support
configure:8120: /Users/sariha/.buildozer/android/platform/android-ndk-r25b/toolchains/llvm/prebuilt/darwin-x86_64/bin/clang -target aarch64-linux-android21 -fomit-frame-pointer -march=armv8-a -fPIC -c -target aarch64-linux-android21 -fomit-frame-pointer -march=armv8-a -fPIC -DANDROID -I/Users/sariha/.buildozer/android/platform/android-ndk-r25b/toolchains/llvm/prebuilt/darwin-x86_64/sysroot/usr/include -I/Users/sariha/Desktop/Test_Kivy/.buildozer/android/platform/build-arm64-v8a_armeabi-v7a/build/python-installs/myapp/arm64-v8a/include/python3.1 conftest.c >&5
configure:8120: $? = 0
configure:8124: /Users/sariha/.buildozer/android/platform/android-ndk-r25b/toolchains/llvm/prebuilt/darwin-x86_64/bin/llvm-ar cr libconftest.a @conftest.lst >&5
configure:8127: $? = 0
configure:8132: /Users/sariha/.buildozer/android/platform/android-ndk-r25b/toolchains/llvm/prebuilt/darwin-x86_64/bin/llvm-ar cr libconftest.a @conftest.lst >&5
/Users/sariha/.buildozer/android/platform/android-ndk-r25b/toolchains/llvm/prebuilt/darwin-x86_64/bin/llvm-ar: error: conftest.o: No such file or directory
configure:8135: $? = 1
configure:8148: result: @
configure:8166: checking for aarch64-linux-android-strip
configure:8199: result: /Users/sariha/.buildozer/android/platform/android-ndk-r25b/toolchains/llvm/prebuilt/darwin-x86_64/bin/llvm-strip --strip-unneeded
configure:8348: checking command to parse nm output from /Users/sariha/.buildozer/android/platform/android-ndk-r25b/toolchains/llvm/prebuilt/darwin-x86_64/bin/clang -target aarch64-linux-android21 -fomit-frame-pointer -march=armv8-a -fPIC object
configure:8502: /Users/sariha/.buildozer/android/platform/android-ndk-r25b/toolchains/llvm/prebuilt/darwin-x86_64/bin/clang -target aarch64-linux-android21 -fomit-frame-pointer -march=armv8-a -fPIC -c -target aarch64-linux-android21 -fomit-frame-pointer -march=armv8-a -fPIC -DANDROID -I/Users/sariha/.buildozer/android/platform/android-ndk-r25b/toolchains/llvm/prebuilt/darwin-x86_64/sysroot/usr/include -I/Users/sariha/Desktop/Test_Kivy/.buildozer/android/platform/build-arm64-v8a_armeabi-v7a/build/python-installs/myapp/arm64-v8a/include/python3.1 conftest.c >&5
configure:8505: $? = 0
configure:8509: nm conftest.o \| /usr/bin/sed -n -e 's/^.*[ ]\([BCDEGRST][BCDEGRST]*\)[ ][ ]*\([_A-Za-z][_A-Za-z0-9]*\)$/\1 \2 \2/p' | /usr/bin/sed '/ __gnu_lto/d' \> conftest.nm
configure:8512: $? = 0
cannot run /usr/bin/sed -n -e 's/^.*[	 ]\([BCDEGRST][BCDEGRST]*\)[	 ][	 ]*\([_A-Za-z][_A-Za-z0-9]*\)$/\1 \2 \2/p' | /usr/bin/sed '/ __gnu_lto/d'
configure:8502: /Users/sariha/.buildozer/android/platform/android-ndk-r25b/toolchains/llvm/prebuilt/darwin-x86_64/bin/clang -target aarch64-linux-android21 -fomit-frame-pointer -march=armv8-a -fPIC -c -target aarch64-linux-android21 -fomit-frame-pointer -march=armv8-a -fPIC -DANDROID -I/Users/sariha/.buildozer/android/platform/android-ndk-r25b/toolchains/llvm/prebuilt/darwin-x86_64/sysroot/usr/include -I/Users/sariha/Desktop/Test_Kivy/.buildozer/android/platform/build-arm64-v8a_armeabi-v7a/build/python-installs/myapp/arm64-v8a/include/python3.1 conftest.c >&5
configure:8505: $? = 0
configure:8509: nm conftest.o \| /usr/bin/sed -n -e 's/^.*[ ]\([BCDEGRST][BCDEGRST]*\)[ ][ ]*_\([_A-Za-z][_A-Za-z0-9]*\)$/\1 _\2 \2/p' | /usr/bin/sed '/ __gnu_lto/d' \> conftest.nm
configure:8512: $? = 0
cannot run /usr/bin/sed -n -e 's/^.*[	 ]\([BCDEGRST][BCDEGRST]*\)[	 ][	 ]*_\([_A-Za-z][_A-Za-z0-9]*\)$/\1 _\2 \2/p' | /usr/bin/sed '/ __gnu_lto/d'
configure:8617: result: failed
configure:8667: checking for sysroot
configure:8701: result: no
configure:8708: checking for a working dd
configure:8753: result: /bin/dd
configure:8757: checking how to truncate binary pipes
configure:8774: result: /bin/dd bs=4096 count=1
configure:9068: checking for aarch64-linux-android-mt
configure:9104: result: no
configure:9114: checking for mt
configure:9150: result: no
configure:9170: checking if : is a manifest tool
configure:9177: : '-?'
configure:9186: result: no
configure:9968: checking for stdio.h
configure:9968: /Users/sariha/.buildozer/android/platform/android-ndk-r25b/toolchains/llvm/prebuilt/darwin-x86_64/bin/clang -target aarch64-linux-android21 -fomit-frame-pointer -march=armv8-a -fPIC -c -target aarch64-linux-android21 -fomit-frame-pointer -march=armv8-a -fPIC -DANDROID -I/Users/sariha/.buildozer/android/platform/android-ndk-r25b/toolchains/llvm/prebuilt/darwin-x86_64/sysroot/usr/include -I/Users/sariha/Desktop/Test_Kivy/.buildozer/android/platform/build-arm64-v8a_armeabi-v7a/build/python-installs/myapp/arm64-v8a/include/python3.1 conftest.c >&5
configure:9968: $? = 0
configure:9968: result: yes
configure:9968: checking for stdlib.h
configure:9968: /Users/sariha/.buildozer/android/platform/android-ndk-r25b/toolchains/llvm/prebuilt/darwin-x86_64/bin/clang -target aarch64-linux-android21 -fomit-frame-pointer -march=armv8-a -fPIC -c -target aarch64-linux-android21 -fomit-frame-pointer -march=armv8-a -fPIC -DANDROID -I/Users/sariha/.buildozer/android/platform/android-ndk-r25b/toolchains/llvm/prebuilt/darwin-x86_64/sysroot/usr/include -I/Users/sariha/Desktop/Test_Kivy/.buildozer/android/platform/build-arm64-v8a_armeabi-v7a/build/python-installs/myapp/arm64-v8a/include/python3.1 conftest.c >&5
configure:9968: $? = 0
configure:9968: result: yes
configure:9968: checking for string.h
configure:9968: /Users/sariha/.buildozer/android/platform/android-ndk-r25b/toolchains/llvm/prebuilt/darwin-x86_64/bin/clang -target aarch64-linux-android21 -fomit-frame-pointer -march=armv8-a -fPIC -c -target aarch64-linux-android21 -fomit-frame-pointer -march=armv8-a -fPIC -DANDROID -I/Users/sariha/.buildozer/android/platform/android-ndk-r25b/toolchains/llvm/prebuilt/darwin-x86_64/sysroot/usr/include -I/Users/sariha/Desktop/Test_Kivy/.buildozer/android/platform/build-arm64-v8a_armeabi-v7a/build/python-installs/myapp/arm64-v8a/include/python3.1 conftest.c >&5
configure:9968: $? = 0
configure:9968: result: yes
configure:9968: checking for inttypes.h
configure:9968: /Users/sariha/.buildozer/android/platform/android-ndk-r25b/toolchains/llvm/prebuilt/darwin-x86_64/bin/clang -target aarch64-linux-android21 -fomit-frame-pointer -march=armv8-a -fPIC -c -target aarch64-linux-android21 -fomit-frame-pointer -march=armv8-a -fPIC -DANDROID -I/Users/sariha/.buildozer/android/platform/android-ndk-r25b/toolchains/llvm/prebuilt/darwin-x86_64/sysroot/usr/include -I/Users/sariha/Desktop/Test_Kivy/.buildozer/android/platform/build-arm64-v8a_armeabi-v7a/build/python-installs/myapp/arm64-v8a/include/python3.1 conftest.c >&5
configure:9968: $? = 0
configure:9968: result: yes
configure:9968: checking for stdint.h
configure:9968: /Users/sariha/.buildozer/android/platform/android-ndk-r25b/toolchains/llvm/prebuilt/darwin-x86_64/bin/clang -target aarch64-linux-android21 -fomit-frame-pointer -march=armv8-a -fPIC -c -target aarch64-linux-android21 -fomit-frame-pointer -march=armv8-a -fPIC -DANDROID -I/Users/sariha/.buildozer/android/platform/android-ndk-r25b/toolchains/llvm/prebuilt/darwin-x86_64/sysroot/usr/include -I/Users/sariha/Desktop/Test_Kivy/.buildozer/android/platform/build-arm64-v8a_armeabi-v7a/build/python-installs/myapp/arm64-v8a/include/python3.1 conftest.c >&5
configure:9968: $? = 0
configure:9968: result: yes
configure:9968: checking for strings.h
configure:9968: /Users/sariha/.buildozer/android/platform/android-ndk-r25b/toolchains/llvm/prebuilt/darwin-x86_64/bin/clang -target aarch64-linux-android21 -fomit-frame-pointer -march=armv8-a -fPIC -c -target aarch64-linux-android21 -fomit-frame-pointer -march=armv8-a -fPIC -DANDROID -I/Users/sariha/.buildozer/android/platform/android-ndk-r25b/toolchains/llvm/prebuilt/darwin-x86_64/sysroot/usr/include -I/Users/sariha/Desktop/Test_Kivy/.buildozer/android/platform/build-arm64-v8a_armeabi-v7a/build/python-installs/myapp/arm64-v8a/include/python3.1 conftest.c >&5
configure:9968: $? = 0
configure:9968: result: yes
configure:9968: checking for sys/stat.h
configure:9968: /Users/sariha/.buildozer/android/platform/android-ndk-r25b/toolchains/llvm/prebuilt/darwin-x86_64/bin/clang -target aarch64-linux-android21 -fomit-frame-pointer -march=armv8-a -fPIC -c -target aarch64-linux-android21 -fomit-frame-pointer -march=armv8-a -fPIC -DANDROID -I/Users/sariha/.buildozer/android/platform/android-ndk-r25b/toolchains/llvm/prebuilt/darwin-x86_64/sysroot/usr/include -I/Users/sariha/Desktop/Test_Kivy/.buildozer/android/platform/build-arm64-v8a_armeabi-v7a/build/python-installs/myapp/arm64-v8a/include/python3.1 conftest.c >&5
configure:9968: $? = 0
configure:9968: result: yes
configure:9968: checking for sys/types.h
configure:9968: /Users/sariha/.buildozer/android/platform/android-ndk-r25b/toolchains/llvm/prebuilt/darwin-x86_64/bin/clang -target aarch64-linux-android21 -fomit-frame-pointer -march=armv8-a -fPIC -c -target aarch64-linux-android21 -fomit-frame-pointer -march=armv8-a -fPIC -DANDROID -I/Users/sariha/.buildozer/android/platform/android-ndk-r25b/toolchains/llvm/prebuilt/darwin-x86_64/sysroot/usr/include -I/Users/sariha/Desktop/Test_Kivy/.buildozer/android/platform/build-arm64-v8a_armeabi-v7a/build/python-installs/myapp/arm64-v8a/include/python3.1 conftest.c >&5
configure:9968: $? = 0
configure:9968: result: yes
configure:9968: checking for unistd.h
configure:9968: /Users/sariha/.buildozer/android/platform/android-ndk-r25b/toolchains/llvm/prebuilt/darwin-x86_64/bin/clang -target aarch64-linux-android21 -fomit-frame-pointer -march=armv8-a -fPIC -c -target aarch64-linux-android21 -fomit-frame-pointer -march=armv8-a -fPIC -DANDROID -I/Users/sariha/.buildozer/android/platform/android-ndk-r25b/toolchains/llvm/prebuilt/darwin-x86_64/sysroot/usr/include -I/Users/sariha/Desktop/Test_Kivy/.buildozer/android/platform/build-arm64-v8a_armeabi-v7a/build/python-installs/myapp/arm64-v8a/include/python3.1 conftest.c >&5
configure:9968: $? = 0
configure:9968: result: yes
configure:9993: checking for dlfcn.h
configure:9993: /Users/sariha/.buildozer/android/platform/android-ndk-r25b/toolchains/llvm/prebuilt/darwin-x86_64/bin/clang -target aarch64-linux-android21 -fomit-frame-pointer -march=armv8-a -fPIC -c -target aarch64-linux-android21 -fomit-frame-pointer -march=armv8-a -fPIC -DANDROID -I/Users/sariha/.buildozer/android/platform/android-ndk-r25b/toolchains/llvm/prebuilt/darwin-x86_64/sysroot/usr/include -I/Users/sariha/Desktop/Test_Kivy/.buildozer/android/platform/build-arm64-v8a_armeabi-v7a/build/python-installs/myapp/arm64-v8a/include/python3.1 conftest.c >&5
configure:9993: $? = 0
configure:9993: result: yes
configure:10307: checking for objdir
configure:10324: result: .libs
configure:10590: checking if /Users/sariha/.buildozer/android/platform/android-ndk-r25b/toolchains/llvm/prebuilt/darwin-x86_64/bin/clang -target aarch64-linux-android21 -fomit-frame-pointer -march=armv8-a -fPIC supports -fno-rtti -fno-exceptions
configure:10609: /Users/sariha/.buildozer/android/platform/android-ndk-r25b/toolchains/llvm/prebuilt/darwin-x86_64/bin/clang -target aarch64-linux-android21 -fomit-frame-pointer -march=armv8-a -fPIC -c -target aarch64-linux-android21 -fomit-frame-pointer -march=armv8-a -fPIC -DANDROID -I/Users/sariha/.buildozer/android/platform/android-ndk-r25b/toolchains/llvm/prebuilt/darwin-x86_64/sysroot/usr/include -I/Users/sariha/Desktop/Test_Kivy/.buildozer/android/platform/build-arm64-v8a_armeabi-v7a/build/python-installs/myapp/arm64-v8a/include/python3.1 -fno-rtti -fno-exceptions conftest.c >&5
configure:10613: $? = 0
configure:10627: result: yes
configure:10991: checking for /Users/sariha/.buildozer/android/platform/android-ndk-r25b/toolchains/llvm/prebuilt/darwin-x86_64/bin/clang -target aarch64-linux-android21 -fomit-frame-pointer -march=armv8-a -fPIC option to produce PIC
configure:11000: result: -fPIC -DPIC
configure:11008: checking if /Users/sariha/.buildozer/android/platform/android-ndk-r25b/toolchains/llvm/prebuilt/darwin-x86_64/bin/clang -target aarch64-linux-android21 -fomit-frame-pointer -march=armv8-a -fPIC PIC flag -fPIC -DPIC works
configure:11027: /Users/sariha/.buildozer/android/platform/android-ndk-r25b/toolchains/llvm/prebuilt/darwin-x86_64/bin/clang -target aarch64-linux-android21 -fomit-frame-pointer -march=armv8-a -fPIC -c -target aarch64-linux-android21 -fomit-frame-pointer -march=armv8-a -fPIC -DANDROID -I/Users/sariha/.buildozer/android/platform/android-ndk-r25b/toolchains/llvm/prebuilt/darwin-x86_64/sysroot/usr/include -I/Users/sariha/Desktop/Test_Kivy/.buildozer/android/platform/build-arm64-v8a_armeabi-v7a/build/python-installs/myapp/arm64-v8a/include/python3.1 -fPIC -DPIC -DPIC conftest.c >&5
configure:11031: $? = 0
configure:11045: result: yes
configure:11074: checking if /Users/sariha/.buildozer/android/platform/android-ndk-r25b/toolchains/llvm/prebuilt/darwin-x86_64/bin/clang -target aarch64-linux-android21 -fomit-frame-pointer -march=armv8-a -fPIC static flag -static works
configure:11104: result: yes
configure:11119: checking if /Users/sariha/.buildozer/android/platform/android-ndk-r25b/toolchains/llvm/prebuilt/darwin-x86_64/bin/clang -target aarch64-linux-android21 -fomit-frame-pointer -march=armv8-a -fPIC supports -c -o file.o
configure:11141: /Users/sariha/.buildozer/android/platform/android-ndk-r25b/toolchains/llvm/prebuilt/darwin-x86_64/bin/clang -target aarch64-linux-android21 -fomit-frame-pointer -march=armv8-a -fPIC -c -target aarch64-linux-android21 -fomit-frame-pointer -march=armv8-a -fPIC -DANDROID -I/Users/sariha/.buildozer/android/platform/android-ndk-r25b/toolchains/llvm/prebuilt/darwin-x86_64/sysroot/usr/include -I/Users/sariha/Desktop/Test_Kivy/.buildozer/android/platform/build-arm64-v8a_armeabi-v7a/build/python-installs/myapp/arm64-v8a/include/python3.1 -o out/conftest2.o conftest.c >&5
configure:11145: $? = 0
configure:11168: result: yes
configure:11176: checking if /Users/sariha/.buildozer/android/platform/android-ndk-r25b/toolchains/llvm/prebuilt/darwin-x86_64/bin/clang -target aarch64-linux-android21 -fomit-frame-pointer -march=armv8-a -fPIC supports -c -o file.o
configure:11225: result: yes
configure:11258: checking whether the /Users/sariha/.buildozer/android/platform/android-ndk-r25b/toolchains/llvm/prebuilt/darwin-x86_64/bin/clang -target aarch64-linux-android21 -fomit-frame-pointer -march=armv8-a -fPIC linker (/Users/sariha/.buildozer/android/platform/android-ndk-r25b/toolchains/llvm/prebuilt/darwin-x86_64/bin/ld) supports shared libraries
configure:12531: result: yes
configure:12568: checking whether -lc should be explicitly linked in
configure:12577: /Users/sariha/.buildozer/android/platform/android-ndk-r25b/toolchains/llvm/prebuilt/darwin-x86_64/bin/clang -target aarch64-linux-android21 -fomit-frame-pointer -march=armv8-a -fPIC -c -target aarch64-linux-android21 -fomit-frame-pointer -march=armv8-a -fPIC -DANDROID -I/Users/sariha/.buildozer/android/platform/android-ndk-r25b/toolchains/llvm/prebuilt/darwin-x86_64/sysroot/usr/include -I/Users/sariha/Desktop/Test_Kivy/.buildozer/android/platform/build-arm64-v8a_armeabi-v7a/build/python-installs/myapp/arm64-v8a/include/python3.1 conftest.c >&5
configure:12580: $? = 0
configure:12595: /Users/sariha/.buildozer/android/platform/android-ndk-r25b/toolchains/llvm/prebuilt/darwin-x86_64/bin/clang -target aarch64-linux-android21 -fomit-frame-pointer -march=armv8-a -fPIC -shared  -fPIC -DPIC conftest.o  -v -Wl,-soname -Wl,conftest -o conftest 2\>\&1 \| /usr/bin/grep  -lc  \>/dev/null 2\>\&1
configure:12598: $? = 0
configure:12613: result: no
configure:12773: checking dynamic linker characteristics
configure:13631: result: Android linker
configure:13753: checking how to hardcode library paths into programs
configure:13778: result: immediate
configure:14378: checking whether stripping libraries is possible
configure:14387: result: yes
configure:14429: checking if libtool supports shared libraries
configure:14431: result: yes
configure:14434: checking whether to build shared libraries
configure:14459: result: yes
configure:14462: checking whether to build static libraries
configure:14466: result: yes
configure:14489: checking how to run the C++ preprocessor
configure:14511: /Users/sariha/.buildozer/android/platform/android-ndk-r25b/toolchains/llvm/prebuilt/darwin-x86_64/bin/clang++ -target aarch64-linux-android21 -fomit-frame-pointer -march=armv8-a -fPIC -E -DANDROID -I/Users/sariha/.buildozer/android/platform/android-ndk-r25b/toolchains/llvm/prebuilt/darwin-x86_64/sysroot/usr/include -I/Users/sariha/Desktop/Test_Kivy/.buildozer/android/platform/build-arm64-v8a_armeabi-v7a/build/python-installs/myapp/arm64-v8a/include/python3.1 conftest.cpp
configure:14511: $? = 0
configure:14527: /Users/sariha/.buildozer/android/platform/android-ndk-r25b/toolchains/llvm/prebuilt/darwin-x86_64/bin/clang++ -target aarch64-linux-android21 -fomit-frame-pointer -march=armv8-a -fPIC -E -DANDROID -I/Users/sariha/.buildozer/android/platform/android-ndk-r25b/toolchains/llvm/prebuilt/darwin-x86_64/sysroot/usr/include -I/Users/sariha/Desktop/Test_Kivy/.buildozer/android/platform/build-arm64-v8a_armeabi-v7a/build/python-installs/myapp/arm64-v8a/include/python3.1 conftest.cpp
conftest.cpp:23:10: fatal error: 'ac_nonexistent.h' file not found
#include <ac_nonexistent.h>
         ^~~~~~~~~~~~~~~~~~
1 error generated.
configure:14527: $? = 1
configure: failed program was:
| /* confdefs.h */
| #define PACKAGE_NAME "libffi"
| #define PACKAGE_TARNAME "libffi"
| #define PACKAGE_VERSION "3.4.2"
| #define PACKAGE_STRING "libffi 3.4.2"
| #define PACKAGE_BUGREPORT "http://github.com/libffi/libffi/issues"
| #define PACKAGE_URL ""
| #define PACKAGE "libffi"
| #define VERSION "3.4.2"
| #define HAVE_STDIO_H 1
| #define HAVE_STDLIB_H 1
| #define HAVE_STRING_H 1
| #define HAVE_INTTYPES_H 1
| #define HAVE_STDINT_H 1
| #define HAVE_STRINGS_H 1
| #define HAVE_SYS_STAT_H 1
| #define HAVE_SYS_TYPES_H 1
| #define HAVE_UNISTD_H 1
| #define STDC_HEADERS 1
| #define HAVE_DLFCN_H 1
| #define LT_OBJDIR ".libs/"
| /* end confdefs.h.  */
| #include <ac_nonexistent.h>
configure:14556: result: /Users/sariha/.buildozer/android/platform/android-ndk-r25b/toolchains/llvm/prebuilt/darwin-x86_64/bin/clang++ -target aarch64-linux-android21 -fomit-frame-pointer -march=armv8-a -fPIC -E
configure:14570: /Users/sariha/.buildozer/android/platform/android-ndk-r25b/toolchains/llvm/prebuilt/darwin-x86_64/bin/clang++ -target aarch64-linux-android21 -fomit-frame-pointer -march=armv8-a -fPIC -E -DANDROID -I/Users/sariha/.buildozer/android/platform/android-ndk-r25b/toolchains/llvm/prebuilt/darwin-x86_64/sysroot/usr/include -I/Users/sariha/Desktop/Test_Kivy/.buildozer/android/platform/build-arm64-v8a_armeabi-v7a/build/python-installs/myapp/arm64-v8a/include/python3.1 conftest.cpp
configure:14570: $? = 0
configure:14586: /Users/sariha/.buildozer/android/platform/android-ndk-r25b/toolchains/llvm/prebuilt/darwin-x86_64/bin/clang++ -target aarch64-linux-android21 -fomit-frame-pointer -march=armv8-a -fPIC -E -DANDROID -I/Users/sariha/.buildozer/android/platform/android-ndk-r25b/toolchains/llvm/prebuilt/darwin-x86_64/sysroot/usr/include -I/Users/sariha/Desktop/Test_Kivy/.buildozer/android/platform/build-arm64-v8a_armeabi-v7a/build/python-installs/myapp/arm64-v8a/include/python3.1 conftest.cpp
conftest.cpp:23:10: fatal error: 'ac_nonexistent.h' file not found
#include <ac_nonexistent.h>
         ^~~~~~~~~~~~~~~~~~
1 error generated.
configure:14586: $? = 1
configure: failed program was:
| /* confdefs.h */
| #define PACKAGE_NAME "libffi"
| #define PACKAGE_TARNAME "libffi"
| #define PACKAGE_VERSION "3.4.2"
| #define PACKAGE_STRING "libffi 3.4.2"
| #define PACKAGE_BUGREPORT "http://github.com/libffi/libffi/issues"
| #define PACKAGE_URL ""
| #define PACKAGE "libffi"
| #define VERSION "3.4.2"
| #define HAVE_STDIO_H 1
| #define HAVE_STDLIB_H 1
| #define HAVE_STRING_H 1
| #define HAVE_INTTYPES_H 1
| #define HAVE_STDINT_H 1
| #define HAVE_STRINGS_H 1
| #define HAVE_SYS_STAT_H 1
| #define HAVE_SYS_TYPES_H 1
| #define HAVE_UNISTD_H 1
| #define STDC_HEADERS 1
| #define HAVE_DLFCN_H 1
| #define LT_OBJDIR ".libs/"
| /* end confdefs.h.  */
| #include <ac_nonexistent.h>
configure:14754: checking for ld used by /Users/sariha/.buildozer/android/platform/android-ndk-r25b/toolchains/llvm/prebuilt/darwin-x86_64/bin/clang++ -target aarch64-linux-android21 -fomit-frame-pointer -march=armv8-a -fPIC
configure:14823: result: /Users/sariha/.buildozer/android/platform/android-ndk-r25b/toolchains/llvm/prebuilt/darwin-x86_64/bin/ld
configure:14830: checking if the linker (/Users/sariha/.buildozer/android/platform/android-ndk-r25b/toolchains/llvm/prebuilt/darwin-x86_64/bin/ld) is GNU ld
configure:14847: result: yes
configure:14901: checking whether the /Users/sariha/.buildozer/android/platform/android-ndk-r25b/toolchains/llvm/prebuilt/darwin-x86_64/bin/clang++ -target aarch64-linux-android21 -fomit-frame-pointer -march=armv8-a -fPIC linker (/Users/sariha/.buildozer/android/platform/android-ndk-r25b/toolchains/llvm/prebuilt/darwin-x86_64/bin/ld) supports shared libraries
configure:15981: result: yes
configure:16017: /Users/sariha/.buildozer/android/platform/android-ndk-r25b/toolchains/llvm/prebuilt/darwin-x86_64/bin/clang++ -target aarch64-linux-android21 -fomit-frame-pointer -march=armv8-a -fPIC -c -target aarch64-linux-android21 -fomit-frame-pointer -march=armv8-a -fPIC -DANDROID -I/Users/sariha/.buildozer/android/platform/android-ndk-r25b/toolchains/llvm/prebuilt/darwin-x86_64/sysroot/usr/include -I/Users/sariha/Desktop/Test_Kivy/.buildozer/android/platform/build-arm64-v8a_armeabi-v7a/build/python-installs/myapp/arm64-v8a/include/python3.1 conftest.cpp >&5
configure:16020: $? = 0
configure:16502: checking for /Users/sariha/.buildozer/android/platform/android-ndk-r25b/toolchains/llvm/prebuilt/darwin-x86_64/bin/clang++ -target aarch64-linux-android21 -fomit-frame-pointer -march=armv8-a -fPIC option to produce PIC
configure:16511: result: -fPIC -DPIC
configure:16519: checking if /Users/sariha/.buildozer/android/platform/android-ndk-r25b/toolchains/llvm/prebuilt/darwin-x86_64/bin/clang++ -target aarch64-linux-android21 -fomit-frame-pointer -march=armv8-a -fPIC PIC flag -fPIC -DPIC works
configure:16538: /Users/sariha/.buildozer/android/platform/android-ndk-r25b/toolchains/llvm/prebuilt/darwin-x86_64/bin/clang++ -target aarch64-linux-android21 -fomit-frame-pointer -march=armv8-a -fPIC -c -target aarch64-linux-android21 -fomit-frame-pointer -march=armv8-a -fPIC -DANDROID -I/Users/sariha/.buildozer/android/platform/android-ndk-r25b/toolchains/llvm/prebuilt/darwin-x86_64/sysroot/usr/include -I/Users/sariha/Desktop/Test_Kivy/.buildozer/android/platform/build-arm64-v8a_armeabi-v7a/build/python-installs/myapp/arm64-v8a/include/python3.1 -fPIC -DPIC -DPIC conftest.cpp >&5
configure:16542: $? = 0
configure:16556: result: yes
configure:16579: checking if /Users/sariha/.buildozer/android/platform/android-ndk-r25b/toolchains/llvm/prebuilt/darwin-x86_64/bin/clang++ -target aarch64-linux-android21 -fomit-frame-pointer -march=armv8-a -fPIC static flag -static works
configure:16609: result: yes
configure:16621: checking if /Users/sariha/.buildozer/android/platform/android-ndk-r25b/toolchains/llvm/prebuilt/darwin-x86_64/bin/clang++ -target aarch64-linux-android21 -fomit-frame-pointer -march=armv8-a -fPIC supports -c -o file.o
configure:16643: /Users/sariha/.buildozer/android/platform/android-ndk-r25b/toolchains/llvm/prebuilt/darwin-x86_64/bin/clang++ -target aarch64-linux-android21 -fomit-frame-pointer -march=armv8-a -fPIC -c -target aarch64-linux-android21 -fomit-frame-pointer -march=armv8-a -fPIC -DANDROID -I/Users/sariha/.buildozer/android/platform/android-ndk-r25b/toolchains/llvm/prebuilt/darwin-x86_64/sysroot/usr/include -I/Users/sariha/Desktop/Test_Kivy/.buildozer/android/platform/build-arm64-v8a_armeabi-v7a/build/python-installs/myapp/arm64-v8a/include/python3.1 -o out/conftest2.o conftest.cpp >&5
configure:16647: $? = 0
configure:16670: result: yes
configure:16675: checking if /Users/sariha/.buildozer/android/platform/android-ndk-r25b/toolchains/llvm/prebuilt/darwin-x86_64/bin/clang++ -target aarch64-linux-android21 -fomit-frame-pointer -march=armv8-a -fPIC supports -c -o file.o
configure:16724: result: yes
configure:16754: checking whether the /Users/sariha/.buildozer/android/platform/android-ndk-r25b/toolchains/llvm/prebuilt/darwin-x86_64/bin/clang++ -target aarch64-linux-android21 -fomit-frame-pointer -march=armv8-a -fPIC linker (/Users/sariha/.buildozer/android/platform/android-ndk-r25b/toolchains/llvm/prebuilt/darwin-x86_64/bin/ld) supports shared libraries
configure:16794: result: yes
configure:16937: checking dynamic linker characteristics
configure:17722: result: Android linker
configure:17787: checking how to hardcode library paths into programs
configure:17812: result: immediate
configure:17878: checking for aarch64-linux-android-readelf
configure:17911: result: /Users/sariha/.buildozer/android/platform/android-ndk-r25b/toolchains/llvm/prebuilt/darwin-x86_64/bin/llvm-readelf
configure:17985: checking size of size_t
configure:17991: /Users/sariha/.buildozer/android/platform/android-ndk-r25b/toolchains/llvm/prebuilt/darwin-x86_64/bin/clang -target aarch64-linux-android21 -fomit-frame-pointer -march=armv8-a -fPIC -c -target aarch64-linux-android21 -fomit-frame-pointer -march=armv8-a -fPIC -DANDROID -I/Users/sariha/.buildozer/android/platform/android-ndk-r25b/toolchains/llvm/prebuilt/darwin-x86_64/sysroot/usr/include -I/Users/sariha/Desktop/Test_Kivy/.buildozer/android/platform/build-arm64-v8a_armeabi-v7a/build/python-installs/myapp/arm64-v8a/include/python3.1 conftest.c >&5
configure:17991: $? = 0
configure:17991: /Users/sariha/.buildozer/android/platform/android-ndk-r25b/toolchains/llvm/prebuilt/darwin-x86_64/bin/clang -target aarch64-linux-android21 -fomit-frame-pointer -march=armv8-a -fPIC -c -target aarch64-linux-android21 -fomit-frame-pointer -march=armv8-a -fPIC -DANDROID -I/Users/sariha/.buildozer/android/platform/android-ndk-r25b/toolchains/llvm/prebuilt/darwin-x86_64/sysroot/usr/include -I/Users/sariha/Desktop/Test_Kivy/.buildozer/android/platform/build-arm64-v8a_armeabi-v7a/build/python-installs/myapp/arm64-v8a/include/python3.1 conftest.c >&5
conftest.c:54:24: error: 'test_array' declared as an array with a negative size
static int test_array [1 - 2 * !(((long int) (sizeof (size_t))) <= 0)];
                       ^~~~~~~~~~~~~~~~~~~~~~~~~~~~~~~~~~~~~~~~~~~~~~
1 error generated.
configure:17991: $? = 1
configure: failed program was:
| /* confdefs.h */
| #define PACKAGE_NAME "libffi"
| #define PACKAGE_TARNAME "libffi"
| #define PACKAGE_VERSION "3.4.2"
| #define PACKAGE_STRING "libffi 3.4.2"
| #define PACKAGE_BUGREPORT "http://github.com/libffi/libffi/issues"
| #define PACKAGE_URL ""
| #define PACKAGE "libffi"
| #define VERSION "3.4.2"
| #define HAVE_STDIO_H 1
| #define HAVE_STDLIB_H 1
| #define HAVE_STRING_H 1
| #define HAVE_INTTYPES_H 1
| #define HAVE_STDINT_H 1
| #define HAVE_STRINGS_H 1
| #define HAVE_SYS_STAT_H 1
| #define HAVE_SYS_TYPES_H 1
| #define HAVE_UNISTD_H 1
| #define STDC_HEADERS 1
| #define HAVE_DLFCN_H 1
| #define LT_OBJDIR ".libs/"
| /* end confdefs.h.  */
| #include <stddef.h>
| #ifdef HAVE_STDIO_H
| # include <stdio.h>
| #endif
| #ifdef HAVE_STDLIB_H
| # include <stdlib.h>
| #endif
| #ifdef HAVE_STRING_H
| # include <string.h>
| #endif
| #ifdef HAVE_INTTYPES_H
| # include <inttypes.h>
| #endif
| #ifdef HAVE_STDINT_H
| # include <stdint.h>
| #endif
| #ifdef HAVE_STRINGS_H
| # include <strings.h>
| #endif
| #ifdef HAVE_SYS_TYPES_H
| # include <sys/types.h>
| #endif
| #ifdef HAVE_SYS_STAT_H
| # include <sys/stat.h>
| #endif
| #ifdef HAVE_UNISTD_H
| # include <unistd.h>
| #endif
| int
| main (void)
| {
| static int test_array [1 - 2 * !(((long int) (sizeof (size_t))) <= 0)];
| test_array [0] = 0;
| return test_array [0];
| 
|   ;
|   return 0;
| }
configure:17991: /Users/sariha/.buildozer/android/platform/android-ndk-r25b/toolchains/llvm/prebuilt/darwin-x86_64/bin/clang -target aarch64-linux-android21 -fomit-frame-pointer -march=armv8-a -fPIC -c -target aarch64-linux-android21 -fomit-frame-pointer -march=armv8-a -fPIC -DANDROID -I/Users/sariha/.buildozer/android/platform/android-ndk-r25b/toolchains/llvm/prebuilt/darwin-x86_64/sysroot/usr/include -I/Users/sariha/Desktop/Test_Kivy/.buildozer/android/platform/build-arm64-v8a_armeabi-v7a/build/python-installs/myapp/arm64-v8a/include/python3.1 conftest.c >&5
conftest.c:54:24: error: 'test_array' declared as an array with a negative size
static int test_array [1 - 2 * !(((long int) (sizeof (size_t))) <= 1)];
                       ^~~~~~~~~~~~~~~~~~~~~~~~~~~~~~~~~~~~~~~~~~~~~~
1 error generated.
configure:17991: $? = 1
configure: failed program was:
| /* confdefs.h */
| #define PACKAGE_NAME "libffi"
| #define PACKAGE_TARNAME "libffi"
| #define PACKAGE_VERSION "3.4.2"
| #define PACKAGE_STRING "libffi 3.4.2"
| #define PACKAGE_BUGREPORT "http://github.com/libffi/libffi/issues"
| #define PACKAGE_URL ""
| #define PACKAGE "libffi"
| #define VERSION "3.4.2"
| #define HAVE_STDIO_H 1
| #define HAVE_STDLIB_H 1
| #define HAVE_STRING_H 1
| #define HAVE_INTTYPES_H 1
| #define HAVE_STDINT_H 1
| #define HAVE_STRINGS_H 1
| #define HAVE_SYS_STAT_H 1
| #define HAVE_SYS_TYPES_H 1
| #define HAVE_UNISTD_H 1
| #define STDC_HEADERS 1
| #define HAVE_DLFCN_H 1
| #define LT_OBJDIR ".libs/"
| /* end confdefs.h.  */
| #include <stddef.h>
| #ifdef HAVE_STDIO_H
| # include <stdio.h>
| #endif
| #ifdef HAVE_STDLIB_H
| # include <stdlib.h>
| #endif
| #ifdef HAVE_STRING_H
| # include <string.h>
| #endif
| #ifdef HAVE_INTTYPES_H
| # include <inttypes.h>
| #endif
| #ifdef HAVE_STDINT_H
| # include <stdint.h>
| #endif
| #ifdef HAVE_STRINGS_H
| # include <strings.h>
| #endif
| #ifdef HAVE_SYS_TYPES_H
| # include <sys/types.h>
| #endif
| #ifdef HAVE_SYS_STAT_H
| # include <sys/stat.h>
| #endif
| #ifdef HAVE_UNISTD_H
| # include <unistd.h>
| #endif
| int
| main (void)
| {
| static int test_array [1 - 2 * !(((long int) (sizeof (size_t))) <= 1)];
| test_array [0] = 0;
| return test_array [0];
| 
|   ;
|   return 0;
| }
configure:17991: /Users/sariha/.buildozer/android/platform/android-ndk-r25b/toolchains/llvm/prebuilt/darwin-x86_64/bin/clang -target aarch64-linux-android21 -fomit-frame-pointer -march=armv8-a -fPIC -c -target aarch64-linux-android21 -fomit-frame-pointer -march=armv8-a -fPIC -DANDROID -I/Users/sariha/.buildozer/android/platform/android-ndk-r25b/toolchains/llvm/prebuilt/darwin-x86_64/sysroot/usr/include -I/Users/sariha/Desktop/Test_Kivy/.buildozer/android/platform/build-arm64-v8a_armeabi-v7a/build/python-installs/myapp/arm64-v8a/include/python3.1 conftest.c >&5
conftest.c:54:24: error: 'test_array' declared as an array with a negative size
static int test_array [1 - 2 * !(((long int) (sizeof (size_t))) <= 3)];
                       ^~~~~~~~~~~~~~~~~~~~~~~~~~~~~~~~~~~~~~~~~~~~~~
1 error generated.
configure:17991: $? = 1
configure: failed program was:
| /* confdefs.h */
| #define PACKAGE_NAME "libffi"
| #define PACKAGE_TARNAME "libffi"
| #define PACKAGE_VERSION "3.4.2"
| #define PACKAGE_STRING "libffi 3.4.2"
| #define PACKAGE_BUGREPORT "http://github.com/libffi/libffi/issues"
| #define PACKAGE_URL ""
| #define PACKAGE "libffi"
| #define VERSION "3.4.2"
| #define HAVE_STDIO_H 1
| #define HAVE_STDLIB_H 1
| #define HAVE_STRING_H 1
| #define HAVE_INTTYPES_H 1
| #define HAVE_STDINT_H 1
| #define HAVE_STRINGS_H 1
| #define HAVE_SYS_STAT_H 1
| #define HAVE_SYS_TYPES_H 1
| #define HAVE_UNISTD_H 1
| #define STDC_HEADERS 1
| #define HAVE_DLFCN_H 1
| #define LT_OBJDIR ".libs/"
| /* end confdefs.h.  */
| #include <stddef.h>
| #ifdef HAVE_STDIO_H
| # include <stdio.h>
| #endif
| #ifdef HAVE_STDLIB_H
| # include <stdlib.h>
| #endif
| #ifdef HAVE_STRING_H
| # include <string.h>
| #endif
| #ifdef HAVE_INTTYPES_H
| # include <inttypes.h>
| #endif
| #ifdef HAVE_STDINT_H
| # include <stdint.h>
| #endif
| #ifdef HAVE_STRINGS_H
| # include <strings.h>
| #endif
| #ifdef HAVE_SYS_TYPES_H
| # include <sys/types.h>
| #endif
| #ifdef HAVE_SYS_STAT_H
| # include <sys/stat.h>
| #endif
| #ifdef HAVE_UNISTD_H
| # include <unistd.h>
| #endif
| int
| main (void)
| {
| static int test_array [1 - 2 * !(((long int) (sizeof (size_t))) <= 3)];
| test_array [0] = 0;
| return test_array [0];
| 
|   ;
|   return 0;
| }
configure:17991: /Users/sariha/.buildozer/android/platform/android-ndk-r25b/toolchains/llvm/prebuilt/darwin-x86_64/bin/clang -target aarch64-linux-android21 -fomit-frame-pointer -march=armv8-a -fPIC -c -target aarch64-linux-android21 -fomit-frame-pointer -march=armv8-a -fPIC -DANDROID -I/Users/sariha/.buildozer/android/platform/android-ndk-r25b/toolchains/llvm/prebuilt/darwin-x86_64/sysroot/usr/include -I/Users/sariha/Desktop/Test_Kivy/.buildozer/android/platform/build-arm64-v8a_armeabi-v7a/build/python-installs/myapp/arm64-v8a/include/python3.1 conftest.c >&5
conftest.c:54:24: error: 'test_array' declared as an array with a negative size
static int test_array [1 - 2 * !(((long int) (sizeof (size_t))) <= 7)];
                       ^~~~~~~~~~~~~~~~~~~~~~~~~~~~~~~~~~~~~~~~~~~~~~
1 error generated.
configure:17991: $? = 1
configure: failed program was:
| /* confdefs.h */
| #define PACKAGE_NAME "libffi"
| #define PACKAGE_TARNAME "libffi"
| #define PACKAGE_VERSION "3.4.2"
| #define PACKAGE_STRING "libffi 3.4.2"
| #define PACKAGE_BUGREPORT "http://github.com/libffi/libffi/issues"
| #define PACKAGE_URL ""
| #define PACKAGE "libffi"
| #define VERSION "3.4.2"
| #define HAVE_STDIO_H 1
| #define HAVE_STDLIB_H 1
| #define HAVE_STRING_H 1
| #define HAVE_INTTYPES_H 1
| #define HAVE_STDINT_H 1
| #define HAVE_STRINGS_H 1
| #define HAVE_SYS_STAT_H 1
| #define HAVE_SYS_TYPES_H 1
| #define HAVE_UNISTD_H 1
| #define STDC_HEADERS 1
| #define HAVE_DLFCN_H 1
| #define LT_OBJDIR ".libs/"
| /* end confdefs.h.  */
| #include <stddef.h>
| #ifdef HAVE_STDIO_H
| # include <stdio.h>
| #endif
| #ifdef HAVE_STDLIB_H
| # include <stdlib.h>
| #endif
| #ifdef HAVE_STRING_H
| # include <string.h>
| #endif
| #ifdef HAVE_INTTYPES_H
| # include <inttypes.h>
| #endif
| #ifdef HAVE_STDINT_H
| # include <stdint.h>
| #endif
| #ifdef HAVE_STRINGS_H
| # include <strings.h>
| #endif
| #ifdef HAVE_SYS_TYPES_H
| # include <sys/types.h>
| #endif
| #ifdef HAVE_SYS_STAT_H
| # include <sys/stat.h>
| #endif
| #ifdef HAVE_UNISTD_H
| # include <unistd.h>
| #endif
| int
| main (void)
| {
| static int test_array [1 - 2 * !(((long int) (sizeof (size_t))) <= 7)];
| test_array [0] = 0;
| return test_array [0];
| 
|   ;
|   return 0;
| }
configure:17991: /Users/sariha/.buildozer/android/platform/android-ndk-r25b/toolchains/llvm/prebuilt/darwin-x86_64/bin/clang -target aarch64-linux-android21 -fomit-frame-pointer -march=armv8-a -fPIC -c -target aarch64-linux-android21 -fomit-frame-pointer -march=armv8-a -fPIC -DANDROID -I/Users/sariha/.buildozer/android/platform/android-ndk-r25b/toolchains/llvm/prebuilt/darwin-x86_64/sysroot/usr/include -I/Users/sariha/Desktop/Test_Kivy/.buildozer/android/platform/build-arm64-v8a_armeabi-v7a/build/python-installs/myapp/arm64-v8a/include/python3.1 conftest.c >&5
configure:17991: $? = 0
configure:17991: /Users/sariha/.buildozer/android/platform/android-ndk-r25b/toolchains/llvm/prebuilt/darwin-x86_64/bin/clang -target aarch64-linux-android21 -fomit-frame-pointer -march=armv8-a -fPIC -c -target aarch64-linux-android21 -fomit-frame-pointer -march=armv8-a -fPIC -DANDROID -I/Users/sariha/.buildozer/android/platform/android-ndk-r25b/toolchains/llvm/prebuilt/darwin-x86_64/sysroot/usr/include -I/Users/sariha/Desktop/Test_Kivy/.buildozer/android/platform/build-arm64-v8a_armeabi-v7a/build/python-installs/myapp/arm64-v8a/include/python3.1 conftest.c >&5
configure:17991: $? = 0
configure:17991: /Users/sariha/.buildozer/android/platform/android-ndk-r25b/toolchains/llvm/prebuilt/darwin-x86_64/bin/clang -target aarch64-linux-android21 -fomit-frame-pointer -march=armv8-a -fPIC -c -target aarch64-linux-android21 -fomit-frame-pointer -march=armv8-a -fPIC -DANDROID -I/Users/sariha/.buildozer/android/platform/android-ndk-r25b/toolchains/llvm/prebuilt/darwin-x86_64/sysroot/usr/include -I/Users/sariha/Desktop/Test_Kivy/.buildozer/android/platform/build-arm64-v8a_armeabi-v7a/build/python-installs/myapp/arm64-v8a/include/python3.1 conftest.c >&5
configure:17991: $? = 0
configure:17991: /Users/sariha/.buildozer/android/platform/android-ndk-r25b/toolchains/llvm/prebuilt/darwin-x86_64/bin/clang -target aarch64-linux-android21 -fomit-frame-pointer -march=armv8-a -fPIC -c -target aarch64-linux-android21 -fomit-frame-pointer -march=armv8-a -fPIC -DANDROID -I/Users/sariha/.buildozer/android/platform/android-ndk-r25b/toolchains/llvm/prebuilt/darwin-x86_64/sysroot/usr/include -I/Users/sariha/Desktop/Test_Kivy/.buildozer/android/platform/build-arm64-v8a_armeabi-v7a/build/python-installs/myapp/arm64-v8a/include/python3.1 conftest.c >&5
configure:17991: $? = 0
configure:18008: result: 8
configure:18017: checking for C compiler vendor
configure:18066: /Users/sariha/.buildozer/android/platform/android-ndk-r25b/toolchains/llvm/prebuilt/darwin-x86_64/bin/clang -target aarch64-linux-android21 -fomit-frame-pointer -march=armv8-a -fPIC -c -target aarch64-linux-android21 -fomit-frame-pointer -march=armv8-a -fPIC -DANDROID -I/Users/sariha/.buildozer/android/platform/android-ndk-r25b/toolchains/llvm/prebuilt/darwin-x86_64/sysroot/usr/include -I/Users/sariha/Desktop/Test_Kivy/.buildozer/android/platform/build-arm64-v8a_armeabi-v7a/build/python-installs/myapp/arm64-v8a/include/python3.1 conftest.c >&5
conftest.c:30:9: error: use of undeclared identifier 'thisisanerror'
        thisisanerror;
        ^
1 error generated.
configure:18066: $? = 1
configure: failed program was:
| /* confdefs.h */
| #define PACKAGE_NAME "libffi"
| #define PACKAGE_TARNAME "libffi"
| #define PACKAGE_VERSION "3.4.2"
| #define PACKAGE_STRING "libffi 3.4.2"
| #define PACKAGE_BUGREPORT "http://github.com/libffi/libffi/issues"
| #define PACKAGE_URL ""
| #define PACKAGE "libffi"
| #define VERSION "3.4.2"
| #define HAVE_STDIO_H 1
| #define HAVE_STDLIB_H 1
| #define HAVE_STRING_H 1
| #define HAVE_INTTYPES_H 1
| #define HAVE_STDINT_H 1
| #define HAVE_STRINGS_H 1
| #define HAVE_SYS_STAT_H 1
| #define HAVE_SYS_TYPES_H 1
| #define HAVE_UNISTD_H 1
| #define STDC_HEADERS 1
| #define HAVE_DLFCN_H 1
| #define LT_OBJDIR ".libs/"
| #define SIZEOF_SIZE_T 8
| /* end confdefs.h.  */
| 
| int
| main (void)
| {
| 
|       #if !(defined(__ICC) || defined(__ECC) || defined(__INTEL_COMPILER))
|         thisisanerror;
|       #endif
| 
|   ;
|   return 0;
| }
configure:18066: /Users/sariha/.buildozer/android/platform/android-ndk-r25b/toolchains/llvm/prebuilt/darwin-x86_64/bin/clang -target aarch64-linux-android21 -fomit-frame-pointer -march=armv8-a -fPIC -c -target aarch64-linux-android21 -fomit-frame-pointer -march=armv8-a -fPIC -DANDROID -I/Users/sariha/.buildozer/android/platform/android-ndk-r25b/toolchains/llvm/prebuilt/darwin-x86_64/sysroot/usr/include -I/Users/sariha/Desktop/Test_Kivy/.buildozer/android/platform/build-arm64-v8a_armeabi-v7a/build/python-installs/myapp/arm64-v8a/include/python3.1 conftest.c >&5
conftest.c:30:9: error: use of undeclared identifier 'thisisanerror'
        thisisanerror;
        ^
1 error generated.
configure:18066: $? = 1
configure: failed program was:
| /* confdefs.h */
| #define PACKAGE_NAME "libffi"
| #define PACKAGE_TARNAME "libffi"
| #define PACKAGE_VERSION "3.4.2"
| #define PACKAGE_STRING "libffi 3.4.2"
| #define PACKAGE_BUGREPORT "http://github.com/libffi/libffi/issues"
| #define PACKAGE_URL ""
| #define PACKAGE "libffi"
| #define VERSION "3.4.2"
| #define HAVE_STDIO_H 1
| #define HAVE_STDLIB_H 1
| #define HAVE_STRING_H 1
| #define HAVE_INTTYPES_H 1
| #define HAVE_STDINT_H 1
| #define HAVE_STRINGS_H 1
| #define HAVE_SYS_STAT_H 1
| #define HAVE_SYS_TYPES_H 1
| #define HAVE_UNISTD_H 1
| #define STDC_HEADERS 1
| #define HAVE_DLFCN_H 1
| #define LT_OBJDIR ".libs/"
| #define SIZEOF_SIZE_T 8
| /* end confdefs.h.  */
| 
| int
| main (void)
| {
| 
|       #if !(defined(__xlc__) || defined(__xlC__) || defined(__IBMC__) || defined(__IBMCPP__))
|         thisisanerror;
|       #endif
| 
|   ;
|   return 0;
| }
configure:18066: /Users/sariha/.buildozer/android/platform/android-ndk-r25b/toolchains/llvm/prebuilt/darwin-x86_64/bin/clang -target aarch64-linux-android21 -fomit-frame-pointer -march=armv8-a -fPIC -c -target aarch64-linux-android21 -fomit-frame-pointer -march=armv8-a -fPIC -DANDROID -I/Users/sariha/.buildozer/android/platform/android-ndk-r25b/toolchains/llvm/prebuilt/darwin-x86_64/sysroot/usr/include -I/Users/sariha/Desktop/Test_Kivy/.buildozer/android/platform/build-arm64-v8a_armeabi-v7a/build/python-installs/myapp/arm64-v8a/include/python3.1 conftest.c >&5
conftest.c:30:9: error: use of undeclared identifier 'thisisanerror'
        thisisanerror;
        ^
1 error generated.
configure:18066: $? = 1
configure: failed program was:
| /* confdefs.h */
| #define PACKAGE_NAME "libffi"
| #define PACKAGE_TARNAME "libffi"
| #define PACKAGE_VERSION "3.4.2"
| #define PACKAGE_STRING "libffi 3.4.2"
| #define PACKAGE_BUGREPORT "http://github.com/libffi/libffi/issues"
| #define PACKAGE_URL ""
| #define PACKAGE "libffi"
| #define VERSION "3.4.2"
| #define HAVE_STDIO_H 1
| #define HAVE_STDLIB_H 1
| #define HAVE_STRING_H 1
| #define HAVE_INTTYPES_H 1
| #define HAVE_STDINT_H 1
| #define HAVE_STRINGS_H 1
| #define HAVE_SYS_STAT_H 1
| #define HAVE_SYS_TYPES_H 1
| #define HAVE_UNISTD_H 1
| #define STDC_HEADERS 1
| #define HAVE_DLFCN_H 1
| #define LT_OBJDIR ".libs/"
| #define SIZEOF_SIZE_T 8
| /* end confdefs.h.  */
| 
| int
| main (void)
| {
| 
|       #if !(defined(__PATHCC__) || defined(__PATHSCALE__))
|         thisisanerror;
|       #endif
| 
|   ;
|   return 0;
| }
configure:18066: /Users/sariha/.buildozer/android/platform/android-ndk-r25b/toolchains/llvm/prebuilt/darwin-x86_64/bin/clang -target aarch64-linux-android21 -fomit-frame-pointer -march=armv8-a -fPIC -c -target aarch64-linux-android21 -fomit-frame-pointer -march=armv8-a -fPIC -DANDROID -I/Users/sariha/.buildozer/android/platform/android-ndk-r25b/toolchains/llvm/prebuilt/darwin-x86_64/sysroot/usr/include -I/Users/sariha/Desktop/Test_Kivy/.buildozer/android/platform/build-arm64-v8a_armeabi-v7a/build/python-installs/myapp/arm64-v8a/include/python3.1 conftest.c >&5
configure:18066: $? = 0
configure:18076: result: clang
configure:18929: checking whether C compiler accepts -target aarch64-linux-android21 -fomit-frame-pointer -march=armv8-a -fPIC
configure:18949: /Users/sariha/.buildozer/android/platform/android-ndk-r25b/toolchains/llvm/prebuilt/darwin-x86_64/bin/clang -target aarch64-linux-android21 -fomit-frame-pointer -march=armv8-a -fPIC -c -target aarch64-linux-android21 -fomit-frame-pointer -march=armv8-a -fPIC  -target aarch64-linux-android21 -fomit-frame-pointer -march=armv8-a -fPIC -DANDROID -I/Users/sariha/.buildozer/android/platform/android-ndk-r25b/toolchains/llvm/prebuilt/darwin-x86_64/sysroot/usr/include -I/Users/sariha/Desktop/Test_Kivy/.buildozer/android/platform/build-arm64-v8a_armeabi-v7a/build/python-installs/myapp/arm64-v8a/include/python3.1 conftest.c >&5
configure:18949: $? = 0
configure:18961: result: yes
configure:18991: checking CFLAGS for maximum warnings
configure:19012: /Users/sariha/.buildozer/android/platform/android-ndk-r25b/toolchains/llvm/prebuilt/darwin-x86_64/bin/clang -target aarch64-linux-android21 -fomit-frame-pointer -march=armv8-a -fPIC -c -target aarch64-linux-android21 -fomit-frame-pointer -march=armv8-a -fPIC -warn all  -warn all -DANDROID -I/Users/sariha/.buildozer/android/platform/android-ndk-r25b/toolchains/llvm/prebuilt/darwin-x86_64/sysroot/usr/include -I/Users/sariha/Desktop/Test_Kivy/.buildozer/android/platform/build-arm64-v8a_armeabi-v7a/build/python-installs/myapp/arm64-v8a/include/python3.1 conftest.c >&5
clang-14: error: unknown argument: '-warn'
clang-14: error: unknown argument: '-warn'
clang-14: error: no such file or directory: 'all'
clang-14: error: no such file or directory: 'all'
configure:19012: $? = 1
configure: failed program was:
| /* confdefs.h */
| #define PACKAGE_NAME "libffi"
| #define PACKAGE_TARNAME "libffi"
| #define PACKAGE_VERSION "3.4.2"
| #define PACKAGE_STRING "libffi 3.4.2"
| #define PACKAGE_BUGREPORT "http://github.com/libffi/libffi/issues"
| #define PACKAGE_URL ""
| #define PACKAGE "libffi"
| #define VERSION "3.4.2"
| #define HAVE_STDIO_H 1
| #define HAVE_STDLIB_H 1
| #define HAVE_STRING_H 1
| #define HAVE_INTTYPES_H 1
| #define HAVE_STDINT_H 1
| #define HAVE_STRINGS_H 1
| #define HAVE_SYS_STAT_H 1
| #define HAVE_SYS_TYPES_H 1
| #define HAVE_UNISTD_H 1
| #define STDC_HEADERS 1
| #define HAVE_DLFCN_H 1
| #define LT_OBJDIR ".libs/"
| #define SIZEOF_SIZE_T 8
| /* end confdefs.h.  */
| 
| int
| main (void)
| {
| 
|   ;
|   return 0;
| }
configure:19012: /Users/sariha/.buildozer/android/platform/android-ndk-r25b/toolchains/llvm/prebuilt/darwin-x86_64/bin/clang -target aarch64-linux-android21 -fomit-frame-pointer -march=armv8-a -fPIC -c -target aarch64-linux-android21 -fomit-frame-pointer -march=armv8-a -fPIC -pedantic  -Wall -DANDROID -I/Users/sariha/.buildozer/android/platform/android-ndk-r25b/toolchains/llvm/prebuilt/darwin-x86_64/sysroot/usr/include -I/Users/sariha/Desktop/Test_Kivy/.buildozer/android/platform/build-arm64-v8a_armeabi-v7a/build/python-installs/myapp/arm64-v8a/include/python3.1 conftest.c >&5
configure:19012: $? = 0
configure:19022: result: -Wall
configure:19043: : CFLAGS="$CFLAGS"
configure:19046: $? = 0
configure:19085: checking whether to enable maintainer-specific portions of Makefiles
configure:19096: result: no
configure:19110: checking for sys/memfd.h
configure:19110: /Users/sariha/.buildozer/android/platform/android-ndk-r25b/toolchains/llvm/prebuilt/darwin-x86_64/bin/clang -target aarch64-linux-android21 -fomit-frame-pointer -march=armv8-a -fPIC -c -target aarch64-linux-android21 -fomit-frame-pointer -march=armv8-a -fPIC -Wall -fexceptions -DANDROID -I/Users/sariha/.buildozer/android/platform/android-ndk-r25b/toolchains/llvm/prebuilt/darwin-x86_64/sysroot/usr/include -I/Users/sariha/Desktop/Test_Kivy/.buildozer/android/platform/build-arm64-v8a_armeabi-v7a/build/python-installs/myapp/arm64-v8a/include/python3.1 conftest.c >&5
conftest.c:52:10: fatal error: 'sys/memfd.h' file not found
#include <sys/memfd.h>
         ^~~~~~~~~~~~~
1 error generated.
configure:19110: $? = 1
configure: failed program was:
| /* confdefs.h */
| #define PACKAGE_NAME "libffi"
| #define PACKAGE_TARNAME "libffi"
| #define PACKAGE_VERSION "3.4.2"
| #define PACKAGE_STRING "libffi 3.4.2"
| #define PACKAGE_BUGREPORT "http://github.com/libffi/libffi/issues"
| #define PACKAGE_URL ""
| #define PACKAGE "libffi"
| #define VERSION "3.4.2"
| #define HAVE_STDIO_H 1
| #define HAVE_STDLIB_H 1
| #define HAVE_STRING_H 1
| #define HAVE_INTTYPES_H 1
| #define HAVE_STDINT_H 1
| #define HAVE_STRINGS_H 1
| #define HAVE_SYS_STAT_H 1
| #define HAVE_SYS_TYPES_H 1
| #define HAVE_UNISTD_H 1
| #define STDC_HEADERS 1
| #define HAVE_DLFCN_H 1
| #define LT_OBJDIR ".libs/"
| #define SIZEOF_SIZE_T 8
| /* end confdefs.h.  */
| #include <stddef.h>
| #ifdef HAVE_STDIO_H
| # include <stdio.h>
| #endif
| #ifdef HAVE_STDLIB_H
| # include <stdlib.h>
| #endif
| #ifdef HAVE_STRING_H
| # include <string.h>
| #endif
| #ifdef HAVE_INTTYPES_H
| # include <inttypes.h>
| #endif
| #ifdef HAVE_STDINT_H
| # include <stdint.h>
| #endif
| #ifdef HAVE_STRINGS_H
| # include <strings.h>
| #endif
| #ifdef HAVE_SYS_TYPES_H
| # include <sys/types.h>
| #endif
| #ifdef HAVE_SYS_STAT_H
| # include <sys/stat.h>
| #endif
| #ifdef HAVE_UNISTD_H
| # include <unistd.h>
| #endif
| #include <sys/memfd.h>
configure:19110: result: no
configure:19117: checking for memfd_create
configure:19117: /Users/sariha/.buildozer/android/platform/android-ndk-r25b/toolchains/llvm/prebuilt/darwin-x86_64/bin/clang -target aarch64-linux-android21 -fomit-frame-pointer -march=armv8-a -fPIC -o conftest -target aarch64-linux-android21 -fomit-frame-pointer -march=armv8-a -fPIC -Wall -fexceptions -DANDROID -I/Users/sariha/.buildozer/android/platform/android-ndk-r25b/toolchains/llvm/prebuilt/darwin-x86_64/sysroot/usr/include -I/Users/sariha/Desktop/Test_Kivy/.buildozer/android/platform/build-arm64-v8a_armeabi-v7a/build/python-installs/myapp/arm64-v8a/include/python3.1   -L/Users/sariha/Desktop/Test_Kivy/.buildozer/android/platform/build-arm64-v8a_armeabi-v7a/build/libs_collections/myapp/arm64-v8a conftest.c  >&5
ld: error: undefined symbol: memfd_create
>>> referenced by conftest.c
>>>               /var/folders/9l/br0p87vn2nzdj_smjrpsp2b40000gn/T/conftest-60fd3f.o:(main)
clang-14: error: linker command failed with exit code 1 (use -v to see invocation)
configure:19117: $? = 1
configure: failed program was:
| /* confdefs.h */
| #define PACKAGE_NAME "libffi"
| #define PACKAGE_TARNAME "libffi"
| #define PACKAGE_VERSION "3.4.2"
| #define PACKAGE_STRING "libffi 3.4.2"
| #define PACKAGE_BUGREPORT "http://github.com/libffi/libffi/issues"
| #define PACKAGE_URL ""
| #define PACKAGE "libffi"
| #define VERSION "3.4.2"
| #define HAVE_STDIO_H 1
| #define HAVE_STDLIB_H 1
| #define HAVE_STRING_H 1
| #define HAVE_INTTYPES_H 1
| #define HAVE_STDINT_H 1
| #define HAVE_STRINGS_H 1
| #define HAVE_SYS_STAT_H 1
| #define HAVE_SYS_TYPES_H 1
| #define HAVE_UNISTD_H 1
| #define STDC_HEADERS 1
| #define HAVE_DLFCN_H 1
| #define LT_OBJDIR ".libs/"
| #define SIZEOF_SIZE_T 8
| /* end confdefs.h.  */
| /* Define memfd_create to an innocuous variant, in case <limits.h> declares memfd_create.
|    For example, HP-UX 11i <limits.h> declares gettimeofday.  */
| #define memfd_create innocuous_memfd_create
| 
| /* System header to define __stub macros and hopefully few prototypes,
|    which can conflict with char memfd_create (void); below.  */
| 
| #include <limits.h>
| #undef memfd_create
| 
| /* Override any GCC internal prototype to avoid an error.
|    Use char because int might match the return type of a GCC
|    builtin and then its argument prototype would still apply.  */
| #ifdef __cplusplus
| extern "C"
| #endif
| char memfd_create (void);
| /* The GNU C library defines this for functions which it implements
|     to always fail with ENOSYS.  Some functions are actually named
|     something starting with __ and the normal name is an alias.  */
| #if defined __stub_memfd_create || defined __stub___memfd_create
| choke me
| #endif
| 
| int
| main (void)
| {
| return memfd_create ();
|   ;
|   return 0;
| }
configure:19117: result: no
configure:19125: checking for sys/mman.h
configure:19125: /Users/sariha/.buildozer/android/platform/android-ndk-r25b/toolchains/llvm/prebuilt/darwin-x86_64/bin/clang -target aarch64-linux-android21 -fomit-frame-pointer -march=armv8-a -fPIC -c -target aarch64-linux-android21 -fomit-frame-pointer -march=armv8-a -fPIC -Wall -fexceptions -DANDROID -I/Users/sariha/.buildozer/android/platform/android-ndk-r25b/toolchains/llvm/prebuilt/darwin-x86_64/sysroot/usr/include -I/Users/sariha/Desktop/Test_Kivy/.buildozer/android/platform/build-arm64-v8a_armeabi-v7a/build/python-installs/myapp/arm64-v8a/include/python3.1 conftest.c >&5
configure:19125: $? = 0
configure:19125: result: yes
configure:19132: checking for mmap
configure:19132: /Users/sariha/.buildozer/android/platform/android-ndk-r25b/toolchains/llvm/prebuilt/darwin-x86_64/bin/clang -target aarch64-linux-android21 -fomit-frame-pointer -march=armv8-a -fPIC -o conftest -target aarch64-linux-android21 -fomit-frame-pointer -march=armv8-a -fPIC -Wall -fexceptions -DANDROID -I/Users/sariha/.buildozer/android/platform/android-ndk-r25b/toolchains/llvm/prebuilt/darwin-x86_64/sysroot/usr/include -I/Users/sariha/Desktop/Test_Kivy/.buildozer/android/platform/build-arm64-v8a_armeabi-v7a/build/python-installs/myapp/arm64-v8a/include/python3.1   -L/Users/sariha/Desktop/Test_Kivy/.buildozer/android/platform/build-arm64-v8a_armeabi-v7a/build/libs_collections/myapp/arm64-v8a conftest.c  >&5
configure:19132: $? = 0
configure:19132: result: yes
configure:19138: checking for mkostemp
configure:19138: /Users/sariha/.buildozer/android/platform/android-ndk-r25b/toolchains/llvm/prebuilt/darwin-x86_64/bin/clang -target aarch64-linux-android21 -fomit-frame-pointer -march=armv8-a -fPIC -o conftest -target aarch64-linux-android21 -fomit-frame-pointer -march=armv8-a -fPIC -Wall -fexceptions -DANDROID -I/Users/sariha/.buildozer/android/platform/android-ndk-r25b/toolchains/llvm/prebuilt/darwin-x86_64/sysroot/usr/include -I/Users/sariha/Desktop/Test_Kivy/.buildozer/android/platform/build-arm64-v8a_armeabi-v7a/build/python-installs/myapp/arm64-v8a/include/python3.1   -L/Users/sariha/Desktop/Test_Kivy/.buildozer/android/platform/build-arm64-v8a_armeabi-v7a/build/libs_collections/myapp/arm64-v8a conftest.c  >&5
ld: error: undefined symbol: mkostemp
>>> referenced by conftest.c
>>>               /var/folders/9l/br0p87vn2nzdj_smjrpsp2b40000gn/T/conftest-118ff0.o:(main)
>>> did you mean: mkstemp
>>> defined in: /Users/sariha/.buildozer/android/platform/android-ndk-r25b/toolchains/llvm/prebuilt/darwin-x86_64/bin/../sysroot/usr/lib/aarch64-linux-android/21/libc.so
clang-14: error: linker command failed with exit code 1 (use -v to see invocation)
configure:19138: $? = 1
configure: failed program was:
| /* confdefs.h */
| #define PACKAGE_NAME "libffi"
| #define PACKAGE_TARNAME "libffi"
| #define PACKAGE_VERSION "3.4.2"
| #define PACKAGE_STRING "libffi 3.4.2"
| #define PACKAGE_BUGREPORT "http://github.com/libffi/libffi/issues"
| #define PACKAGE_URL ""
| #define PACKAGE "libffi"
| #define VERSION "3.4.2"
| #define HAVE_STDIO_H 1
| #define HAVE_STDLIB_H 1
| #define HAVE_STRING_H 1
| #define HAVE_INTTYPES_H 1
| #define HAVE_STDINT_H 1
| #define HAVE_STRINGS_H 1
| #define HAVE_SYS_STAT_H 1
| #define HAVE_SYS_TYPES_H 1
| #define HAVE_UNISTD_H 1
| #define STDC_HEADERS 1
| #define HAVE_DLFCN_H 1
| #define LT_OBJDIR ".libs/"
| #define SIZEOF_SIZE_T 8
| #define HAVE_SYS_MMAN_H 1
| #define HAVE_MMAP 1
| /* end confdefs.h.  */
| /* Define mkostemp to an innocuous variant, in case <limits.h> declares mkostemp.
|    For example, HP-UX 11i <limits.h> declares gettimeofday.  */
| #define mkostemp innocuous_mkostemp
| 
| /* System header to define __stub macros and hopefully few prototypes,
|    which can conflict with char mkostemp (void); below.  */
| 
| #include <limits.h>
| #undef mkostemp
| 
| /* Override any GCC internal prototype to avoid an error.
|    Use char because int might match the return type of a GCC
|    builtin and then its argument prototype would still apply.  */
| #ifdef __cplusplus
| extern "C"
| #endif
| char mkostemp (void);
| /* The GNU C library defines this for functions which it implements
|     to always fail with ENOSYS.  Some functions are actually named
|     something starting with __ and the normal name is an alias.  */
| #if defined __stub_mkostemp || defined __stub___mkostemp
| choke me
| #endif
| 
| int
| main (void)
| {
| return mkostemp ();
|   ;
|   return 0;
| }
configure:19138: result: no
configure:19144: checking for mkstemp
configure:19144: /Users/sariha/.buildozer/android/platform/android-ndk-r25b/toolchains/llvm/prebuilt/darwin-x86_64/bin/clang -target aarch64-linux-android21 -fomit-frame-pointer -march=armv8-a -fPIC -o conftest -target aarch64-linux-android21 -fomit-frame-pointer -march=armv8-a -fPIC -Wall -fexceptions -DANDROID -I/Users/sariha/.buildozer/android/platform/android-ndk-r25b/toolchains/llvm/prebuilt/darwin-x86_64/sysroot/usr/include -I/Users/sariha/Desktop/Test_Kivy/.buildozer/android/platform/build-arm64-v8a_armeabi-v7a/build/python-installs/myapp/arm64-v8a/include/python3.1   -L/Users/sariha/Desktop/Test_Kivy/.buildozer/android/platform/build-arm64-v8a_armeabi-v7a/build/libs_collections/myapp/arm64-v8a conftest.c  >&5
configure:19144: $? = 0
configure:19144: result: yes
configure:19152: checking for sys/mman.h
configure:19152: result: yes
configure:19161: checking for mmap
configure:19161: result: yes
configure:19176: checking whether read-only mmap of a plain file works
configure:19195: result: yes
configure:19197: checking whether mmap from /dev/zero works
configure:19221: result: yes
configure:19225: checking for MAP_ANON(YMOUS)
configure:19249: /Users/sariha/.buildozer/android/platform/android-ndk-r25b/toolchains/llvm/prebuilt/darwin-x86_64/bin/clang -target aarch64-linux-android21 -fomit-frame-pointer -march=armv8-a -fPIC -c -target aarch64-linux-android21 -fomit-frame-pointer -march=armv8-a -fPIC -Wall -fexceptions -DANDROID -I/Users/sariha/.buildozer/android/platform/android-ndk-r25b/toolchains/llvm/prebuilt/darwin-x86_64/sysroot/usr/include -I/Users/sariha/Desktop/Test_Kivy/.buildozer/android/platform/build-arm64-v8a_armeabi-v7a/build/python-installs/myapp/arm64-v8a/include/python3.1 conftest.c >&5
conftest.c:38:5: warning: unused variable 'n' [-Wunused-variable]
int n = MAP_ANONYMOUS;
    ^
1 warning generated.
configure:19249: $? = 0
configure:19259: result: yes
configure:19265: checking whether mmap with MAP_ANON(YMOUS) works
configure:19284: result: yes
configure:19330: checking for egrep
configure:19400: result: /usr/bin/grep -E
configure:19408: checking for memcpy
configure:19408: /Users/sariha/.buildozer/android/platform/android-ndk-r25b/toolchains/llvm/prebuilt/darwin-x86_64/bin/clang -target aarch64-linux-android21 -fomit-frame-pointer -march=armv8-a -fPIC -o conftest -target aarch64-linux-android21 -fomit-frame-pointer -march=armv8-a -fPIC -Wall -fexceptions -DANDROID -I/Users/sariha/.buildozer/android/platform/android-ndk-r25b/toolchains/llvm/prebuilt/darwin-x86_64/sysroot/usr/include -I/Users/sariha/Desktop/Test_Kivy/.buildozer/android/platform/build-arm64-v8a_armeabi-v7a/build/python-installs/myapp/arm64-v8a/include/python3.1   -L/Users/sariha/Desktop/Test_Kivy/.buildozer/android/platform/build-arm64-v8a_armeabi-v7a/build/libs_collections/myapp/arm64-v8a conftest.c  >&5
conftest.c:46:6: warning: incompatible redeclaration of library function 'memcpy' [-Wincompatible-library-redeclaration]
char memcpy (void);
     ^
conftest.c:46:6: note: 'memcpy' is a builtin with type 'void *(void *, const void *, unsigned long)'
1 warning generated.
configure:19408: $? = 0
configure:19408: result: yes
configure:19415: checking for size_t
configure:19415: /Users/sariha/.buildozer/android/platform/android-ndk-r25b/toolchains/llvm/prebuilt/darwin-x86_64/bin/clang -target aarch64-linux-android21 -fomit-frame-pointer -march=armv8-a -fPIC -c -target aarch64-linux-android21 -fomit-frame-pointer -march=armv8-a -fPIC -Wall -fexceptions -DANDROID -I/Users/sariha/.buildozer/android/platform/android-ndk-r25b/toolchains/llvm/prebuilt/darwin-x86_64/sysroot/usr/include -I/Users/sariha/Desktop/Test_Kivy/.buildozer/android/platform/build-arm64-v8a_armeabi-v7a/build/python-installs/myapp/arm64-v8a/include/python3.1 conftest.c >&5
configure:19415: $? = 0
configure:19415: /Users/sariha/.buildozer/android/platform/android-ndk-r25b/toolchains/llvm/prebuilt/darwin-x86_64/bin/clang -target aarch64-linux-android21 -fomit-frame-pointer -march=armv8-a -fPIC -c -target aarch64-linux-android21 -fomit-frame-pointer -march=armv8-a -fPIC -Wall -fexceptions -DANDROID -I/Users/sariha/.buildozer/android/platform/android-ndk-r25b/toolchains/llvm/prebuilt/darwin-x86_64/sysroot/usr/include -I/Users/sariha/Desktop/Test_Kivy/.buildozer/android/platform/build-arm64-v8a_armeabi-v7a/build/python-installs/myapp/arm64-v8a/include/python3.1 conftest.c >&5
conftest.c:62:21: error: expected expression
if (sizeof ((size_t)))
                    ^
1 error generated.
configure:19415: $? = 1
configure: failed program was:
| /* confdefs.h */
| #define PACKAGE_NAME "libffi"
| #define PACKAGE_TARNAME "libffi"
| #define PACKAGE_VERSION "3.4.2"
| #define PACKAGE_STRING "libffi 3.4.2"
| #define PACKAGE_BUGREPORT "http://github.com/libffi/libffi/issues"
| #define PACKAGE_URL ""
| #define PACKAGE "libffi"
| #define VERSION "3.4.2"
| #define HAVE_STDIO_H 1
| #define HAVE_STDLIB_H 1
| #define HAVE_STRING_H 1
| #define HAVE_INTTYPES_H 1
| #define HAVE_STDINT_H 1
| #define HAVE_STRINGS_H 1
| #define HAVE_SYS_STAT_H 1
| #define HAVE_SYS_TYPES_H 1
| #define HAVE_UNISTD_H 1
| #define STDC_HEADERS 1
| #define HAVE_DLFCN_H 1
| #define LT_OBJDIR ".libs/"
| #define SIZEOF_SIZE_T 8
| #define HAVE_SYS_MMAN_H 1
| #define HAVE_MMAP 1
| #define HAVE_MKSTEMP 1
| #define HAVE_MMAP_FILE 1
| #define HAVE_MMAP_DEV_ZERO 1
| #define HAVE_MMAP_ANON 1
| #define HAVE_MEMCPY 1
| /* end confdefs.h.  */
| #include <stddef.h>
| #ifdef HAVE_STDIO_H
| # include <stdio.h>
| #endif
| #ifdef HAVE_STDLIB_H
| # include <stdlib.h>
| #endif
| #ifdef HAVE_STRING_H
| # include <string.h>
| #endif
| #ifdef HAVE_INTTYPES_H
| # include <inttypes.h>
| #endif
| #ifdef HAVE_STDINT_H
| # include <stdint.h>
| #endif
| #ifdef HAVE_STRINGS_H
| # include <strings.h>
| #endif
| #ifdef HAVE_SYS_TYPES_H
| # include <sys/types.h>
| #endif
| #ifdef HAVE_SYS_STAT_H
| # include <sys/stat.h>
| #endif
| #ifdef HAVE_UNISTD_H
| # include <unistd.h>
| #endif
| int
| main (void)
| {
| if (sizeof ((size_t)))
| 	    return 0;
|   ;
|   return 0;
| }
configure:19415: result: yes
configure:19428: checking for working alloca.h
configure:19446: /Users/sariha/.buildozer/android/platform/android-ndk-r25b/toolchains/llvm/prebuilt/darwin-x86_64/bin/clang -target aarch64-linux-android21 -fomit-frame-pointer -march=armv8-a -fPIC -o conftest -target aarch64-linux-android21 -fomit-frame-pointer -march=armv8-a -fPIC -Wall -fexceptions -DANDROID -I/Users/sariha/.buildozer/android/platform/android-ndk-r25b/toolchains/llvm/prebuilt/darwin-x86_64/sysroot/usr/include -I/Users/sariha/Desktop/Test_Kivy/.buildozer/android/platform/build-arm64-v8a_armeabi-v7a/build/python-installs/myapp/arm64-v8a/include/python3.1   -L/Users/sariha/Desktop/Test_Kivy/.buildozer/android/platform/build-arm64-v8a_armeabi-v7a/build/libs_collections/myapp/arm64-v8a conftest.c  >&5
configure:19446: $? = 0
configure:19457: result: yes
configure:19465: checking for alloca
configure:19510: result: yes
configure:19584: checking size of double
configure:19590: /Users/sariha/.buildozer/android/platform/android-ndk-r25b/toolchains/llvm/prebuilt/darwin-x86_64/bin/clang -target aarch64-linux-android21 -fomit-frame-pointer -march=armv8-a -fPIC -c -target aarch64-linux-android21 -fomit-frame-pointer -march=armv8-a -fPIC -Wall -fexceptions -DANDROID -I/Users/sariha/.buildozer/android/platform/android-ndk-r25b/toolchains/llvm/prebuilt/darwin-x86_64/sysroot/usr/include -I/Users/sariha/Desktop/Test_Kivy/.buildozer/android/platform/build-arm64-v8a_armeabi-v7a/build/python-installs/myapp/arm64-v8a/include/python3.1 conftest.c >&5
configure:19590: $? = 0
configure:19590: /Users/sariha/.buildozer/android/platform/android-ndk-r25b/toolchains/llvm/prebuilt/darwin-x86_64/bin/clang -target aarch64-linux-android21 -fomit-frame-pointer -march=armv8-a -fPIC -c -target aarch64-linux-android21 -fomit-frame-pointer -march=armv8-a -fPIC -Wall -fexceptions -DANDROID -I/Users/sariha/.buildozer/android/platform/android-ndk-r25b/toolchains/llvm/prebuilt/darwin-x86_64/sysroot/usr/include -I/Users/sariha/Desktop/Test_Kivy/.buildozer/android/platform/build-arm64-v8a_armeabi-v7a/build/python-installs/myapp/arm64-v8a/include/python3.1 conftest.c >&5
conftest.c:64:24: error: 'test_array' declared as an array with a negative size
static int test_array [1 - 2 * !(((long int) (sizeof (double))) <= 0)];
                       ^~~~~~~~~~~~~~~~~~~~~~~~~~~~~~~~~~~~~~~~~~~~~~
1 error generated.
configure:19590: $? = 1
configure: failed program was:
| /* confdefs.h */
| #define PACKAGE_NAME "libffi"
| #define PACKAGE_TARNAME "libffi"
| #define PACKAGE_VERSION "3.4.2"
| #define PACKAGE_STRING "libffi 3.4.2"
| #define PACKAGE_BUGREPORT "http://github.com/libffi/libffi/issues"
| #define PACKAGE_URL ""
| #define PACKAGE "libffi"
| #define VERSION "3.4.2"
| #define HAVE_STDIO_H 1
| #define HAVE_STDLIB_H 1
| #define HAVE_STRING_H 1
| #define HAVE_INTTYPES_H 1
| #define HAVE_STDINT_H 1
| #define HAVE_STRINGS_H 1
| #define HAVE_SYS_STAT_H 1
| #define HAVE_SYS_TYPES_H 1
| #define HAVE_UNISTD_H 1
| #define STDC_HEADERS 1
| #define HAVE_DLFCN_H 1
| #define LT_OBJDIR ".libs/"
| #define SIZEOF_SIZE_T 8
| #define HAVE_SYS_MMAN_H 1
| #define HAVE_MMAP 1
| #define HAVE_MKSTEMP 1
| #define HAVE_MMAP_FILE 1
| #define HAVE_MMAP_DEV_ZERO 1
| #define HAVE_MMAP_ANON 1
| #define HAVE_MEMCPY 1
| #define HAVE_ALLOCA_H 1
| #define HAVE_ALLOCA 1
| /* end confdefs.h.  */
| #include <stddef.h>
| #ifdef HAVE_STDIO_H
| # include <stdio.h>
| #endif
| #ifdef HAVE_STDLIB_H
| # include <stdlib.h>
| #endif
| #ifdef HAVE_STRING_H
| # include <string.h>
| #endif
| #ifdef HAVE_INTTYPES_H
| # include <inttypes.h>
| #endif
| #ifdef HAVE_STDINT_H
| # include <stdint.h>
| #endif
| #ifdef HAVE_STRINGS_H
| # include <strings.h>
| #endif
| #ifdef HAVE_SYS_TYPES_H
| # include <sys/types.h>
| #endif
| #ifdef HAVE_SYS_STAT_H
| # include <sys/stat.h>
| #endif
| #ifdef HAVE_UNISTD_H
| # include <unistd.h>
| #endif
| int
| main (void)
| {
| static int test_array [1 - 2 * !(((long int) (sizeof (double))) <= 0)];
| test_array [0] = 0;
| return test_array [0];
| 
|   ;
|   return 0;
| }
configure:19590: /Users/sariha/.buildozer/android/platform/android-ndk-r25b/toolchains/llvm/prebuilt/darwin-x86_64/bin/clang -target aarch64-linux-android21 -fomit-frame-pointer -march=armv8-a -fPIC -c -target aarch64-linux-android21 -fomit-frame-pointer -march=armv8-a -fPIC -Wall -fexceptions -DANDROID -I/Users/sariha/.buildozer/android/platform/android-ndk-r25b/toolchains/llvm/prebuilt/darwin-x86_64/sysroot/usr/include -I/Users/sariha/Desktop/Test_Kivy/.buildozer/android/platform/build-arm64-v8a_armeabi-v7a/build/python-installs/myapp/arm64-v8a/include/python3.1 conftest.c >&5
conftest.c:64:24: error: 'test_array' declared as an array with a negative size
static int test_array [1 - 2 * !(((long int) (sizeof (double))) <= 1)];
                       ^~~~~~~~~~~~~~~~~~~~~~~~~~~~~~~~~~~~~~~~~~~~~~
1 error generated.
configure:19590: $? = 1
configure: failed program was:
| /* confdefs.h */
| #define PACKAGE_NAME "libffi"
| #define PACKAGE_TARNAME "libffi"
| #define PACKAGE_VERSION "3.4.2"
| #define PACKAGE_STRING "libffi 3.4.2"
| #define PACKAGE_BUGREPORT "http://github.com/libffi/libffi/issues"
| #define PACKAGE_URL ""
| #define PACKAGE "libffi"
| #define VERSION "3.4.2"
| #define HAVE_STDIO_H 1
| #define HAVE_STDLIB_H 1
| #define HAVE_STRING_H 1
| #define HAVE_INTTYPES_H 1
| #define HAVE_STDINT_H 1
| #define HAVE_STRINGS_H 1
| #define HAVE_SYS_STAT_H 1
| #define HAVE_SYS_TYPES_H 1
| #define HAVE_UNISTD_H 1
| #define STDC_HEADERS 1
| #define HAVE_DLFCN_H 1
| #define LT_OBJDIR ".libs/"
| #define SIZEOF_SIZE_T 8
| #define HAVE_SYS_MMAN_H 1
| #define HAVE_MMAP 1
| #define HAVE_MKSTEMP 1
| #define HAVE_MMAP_FILE 1
| #define HAVE_MMAP_DEV_ZERO 1
| #define HAVE_MMAP_ANON 1
| #define HAVE_MEMCPY 1
| #define HAVE_ALLOCA_H 1
| #define HAVE_ALLOCA 1
| /* end confdefs.h.  */
| #include <stddef.h>
| #ifdef HAVE_STDIO_H
| # include <stdio.h>
| #endif
| #ifdef HAVE_STDLIB_H
| # include <stdlib.h>
| #endif
| #ifdef HAVE_STRING_H
| # include <string.h>
| #endif
| #ifdef HAVE_INTTYPES_H
| # include <inttypes.h>
| #endif
| #ifdef HAVE_STDINT_H
| # include <stdint.h>
| #endif
| #ifdef HAVE_STRINGS_H
| # include <strings.h>
| #endif
| #ifdef HAVE_SYS_TYPES_H
| # include <sys/types.h>
| #endif
| #ifdef HAVE_SYS_STAT_H
| # include <sys/stat.h>
| #endif
| #ifdef HAVE_UNISTD_H
| # include <unistd.h>
| #endif
| int
| main (void)
| {
| static int test_array [1 - 2 * !(((long int) (sizeof (double))) <= 1)];
| test_array [0] = 0;
| return test_array [0];
| 
|   ;
|   return 0;
| }
configure:19590: /Users/sariha/.buildozer/android/platform/android-ndk-r25b/toolchains/llvm/prebuilt/darwin-x86_64/bin/clang -target aarch64-linux-android21 -fomit-frame-pointer -march=armv8-a -fPIC -c -target aarch64-linux-android21 -fomit-frame-pointer -march=armv8-a -fPIC -Wall -fexceptions -DANDROID -I/Users/sariha/.buildozer/android/platform/android-ndk-r25b/toolchains/llvm/prebuilt/darwin-x86_64/sysroot/usr/include -I/Users/sariha/Desktop/Test_Kivy/.buildozer/android/platform/build-arm64-v8a_armeabi-v7a/build/python-installs/myapp/arm64-v8a/include/python3.1 conftest.c >&5
conftest.c:64:24: error: 'test_array' declared as an array with a negative size
static int test_array [1 - 2 * !(((long int) (sizeof (double))) <= 3)];
                       ^~~~~~~~~~~~~~~~~~~~~~~~~~~~~~~~~~~~~~~~~~~~~~
1 error generated.
configure:19590: $? = 1
configure: failed program was:
| /* confdefs.h */
| #define PACKAGE_NAME "libffi"
| #define PACKAGE_TARNAME "libffi"
| #define PACKAGE_VERSION "3.4.2"
| #define PACKAGE_STRING "libffi 3.4.2"
| #define PACKAGE_BUGREPORT "http://github.com/libffi/libffi/issues"
| #define PACKAGE_URL ""
| #define PACKAGE "libffi"
| #define VERSION "3.4.2"
| #define HAVE_STDIO_H 1
| #define HAVE_STDLIB_H 1
| #define HAVE_STRING_H 1
| #define HAVE_INTTYPES_H 1
| #define HAVE_STDINT_H 1
| #define HAVE_STRINGS_H 1
| #define HAVE_SYS_STAT_H 1
| #define HAVE_SYS_TYPES_H 1
| #define HAVE_UNISTD_H 1
| #define STDC_HEADERS 1
| #define HAVE_DLFCN_H 1
| #define LT_OBJDIR ".libs/"
| #define SIZEOF_SIZE_T 8
| #define HAVE_SYS_MMAN_H 1
| #define HAVE_MMAP 1
| #define HAVE_MKSTEMP 1
| #define HAVE_MMAP_FILE 1
| #define HAVE_MMAP_DEV_ZERO 1
| #define HAVE_MMAP_ANON 1
| #define HAVE_MEMCPY 1
| #define HAVE_ALLOCA_H 1
| #define HAVE_ALLOCA 1
| /* end confdefs.h.  */
| #include <stddef.h>
| #ifdef HAVE_STDIO_H
| # include <stdio.h>
| #endif
| #ifdef HAVE_STDLIB_H
| # include <stdlib.h>
| #endif
| #ifdef HAVE_STRING_H
| # include <string.h>
| #endif
| #ifdef HAVE_INTTYPES_H
| # include <inttypes.h>
| #endif
| #ifdef HAVE_STDINT_H
| # include <stdint.h>
| #endif
| #ifdef HAVE_STRINGS_H
| # include <strings.h>
| #endif
| #ifdef HAVE_SYS_TYPES_H
| # include <sys/types.h>
| #endif
| #ifdef HAVE_SYS_STAT_H
| # include <sys/stat.h>
| #endif
| #ifdef HAVE_UNISTD_H
| # include <unistd.h>
| #endif
| int
| main (void)
| {
| static int test_array [1 - 2 * !(((long int) (sizeof (double))) <= 3)];
| test_array [0] = 0;
| return test_array [0];
| 
|   ;
|   return 0;
| }
configure:19590: /Users/sariha/.buildozer/android/platform/android-ndk-r25b/toolchains/llvm/prebuilt/darwin-x86_64/bin/clang -target aarch64-linux-android21 -fomit-frame-pointer -march=armv8-a -fPIC -c -target aarch64-linux-android21 -fomit-frame-pointer -march=armv8-a -fPIC -Wall -fexceptions -DANDROID -I/Users/sariha/.buildozer/android/platform/android-ndk-r25b/toolchains/llvm/prebuilt/darwin-x86_64/sysroot/usr/include -I/Users/sariha/Desktop/Test_Kivy/.buildozer/android/platform/build-arm64-v8a_armeabi-v7a/build/python-installs/myapp/arm64-v8a/include/python3.1 conftest.c >&5
conftest.c:64:24: error: 'test_array' declared as an array with a negative size
static int test_array [1 - 2 * !(((long int) (sizeof (double))) <= 7)];
                       ^~~~~~~~~~~~~~~~~~~~~~~~~~~~~~~~~~~~~~~~~~~~~~
1 error generated.
configure:19590: $? = 1
configure: failed program was:
| /* confdefs.h */
| #define PACKAGE_NAME "libffi"
| #define PACKAGE_TARNAME "libffi"
| #define PACKAGE_VERSION "3.4.2"
| #define PACKAGE_STRING "libffi 3.4.2"
| #define PACKAGE_BUGREPORT "http://github.com/libffi/libffi/issues"
| #define PACKAGE_URL ""
| #define PACKAGE "libffi"
| #define VERSION "3.4.2"
| #define HAVE_STDIO_H 1
| #define HAVE_STDLIB_H 1
| #define HAVE_STRING_H 1
| #define HAVE_INTTYPES_H 1
| #define HAVE_STDINT_H 1
| #define HAVE_STRINGS_H 1
| #define HAVE_SYS_STAT_H 1
| #define HAVE_SYS_TYPES_H 1
| #define HAVE_UNISTD_H 1
| #define STDC_HEADERS 1
| #define HAVE_DLFCN_H 1
| #define LT_OBJDIR ".libs/"
| #define SIZEOF_SIZE_T 8
| #define HAVE_SYS_MMAN_H 1
| #define HAVE_MMAP 1
| #define HAVE_MKSTEMP 1
| #define HAVE_MMAP_FILE 1
| #define HAVE_MMAP_DEV_ZERO 1
| #define HAVE_MMAP_ANON 1
| #define HAVE_MEMCPY 1
| #define HAVE_ALLOCA_H 1
| #define HAVE_ALLOCA 1
| /* end confdefs.h.  */
| #include <stddef.h>
| #ifdef HAVE_STDIO_H
| # include <stdio.h>
| #endif
| #ifdef HAVE_STDLIB_H
| # include <stdlib.h>
| #endif
| #ifdef HAVE_STRING_H
| # include <string.h>
| #endif
| #ifdef HAVE_INTTYPES_H
| # include <inttypes.h>
| #endif
| #ifdef HAVE_STDINT_H
| # include <stdint.h>
| #endif
| #ifdef HAVE_STRINGS_H
| # include <strings.h>
| #endif
| #ifdef HAVE_SYS_TYPES_H
| # include <sys/types.h>
| #endif
| #ifdef HAVE_SYS_STAT_H
| # include <sys/stat.h>
| #endif
| #ifdef HAVE_UNISTD_H
| # include <unistd.h>
| #endif
| int
| main (void)
| {
| static int test_array [1 - 2 * !(((long int) (sizeof (double))) <= 7)];
| test_array [0] = 0;
| return test_array [0];
| 
|   ;
|   return 0;
| }
configure:19590: /Users/sariha/.buildozer/android/platform/android-ndk-r25b/toolchains/llvm/prebuilt/darwin-x86_64/bin/clang -target aarch64-linux-android21 -fomit-frame-pointer -march=armv8-a -fPIC -c -target aarch64-linux-android21 -fomit-frame-pointer -march=armv8-a -fPIC -Wall -fexceptions -DANDROID -I/Users/sariha/.buildozer/android/platform/android-ndk-r25b/toolchains/llvm/prebuilt/darwin-x86_64/sysroot/usr/include -I/Users/sariha/Desktop/Test_Kivy/.buildozer/android/platform/build-arm64-v8a_armeabi-v7a/build/python-installs/myapp/arm64-v8a/include/python3.1 conftest.c >&5
configure:19590: $? = 0
configure:19590: /Users/sariha/.buildozer/android/platform/android-ndk-r25b/toolchains/llvm/prebuilt/darwin-x86_64/bin/clang -target aarch64-linux-android21 -fomit-frame-pointer -march=armv8-a -fPIC -c -target aarch64-linux-android21 -fomit-frame-pointer -march=armv8-a -fPIC -Wall -fexceptions -DANDROID -I/Users/sariha/.buildozer/android/platform/android-ndk-r25b/toolchains/llvm/prebuilt/darwin-x86_64/sysroot/usr/include -I/Users/sariha/Desktop/Test_Kivy/.buildozer/android/platform/build-arm64-v8a_armeabi-v7a/build/python-installs/myapp/arm64-v8a/include/python3.1 conftest.c >&5
configure:19590: $? = 0
configure:19590: /Users/sariha/.buildozer/android/platform/android-ndk-r25b/toolchains/llvm/prebuilt/darwin-x86_64/bin/clang -target aarch64-linux-android21 -fomit-frame-pointer -march=armv8-a -fPIC -c -target aarch64-linux-android21 -fomit-frame-pointer -march=armv8-a -fPIC -Wall -fexceptions -DANDROID -I/Users/sariha/.buildozer/android/platform/android-ndk-r25b/toolchains/llvm/prebuilt/darwin-x86_64/sysroot/usr/include -I/Users/sariha/Desktop/Test_Kivy/.buildozer/android/platform/build-arm64-v8a_armeabi-v7a/build/python-installs/myapp/arm64-v8a/include/python3.1 conftest.c >&5
configure:19590: $? = 0
configure:19590: /Users/sariha/.buildozer/android/platform/android-ndk-r25b/toolchains/llvm/prebuilt/darwin-x86_64/bin/clang -target aarch64-linux-android21 -fomit-frame-pointer -march=armv8-a -fPIC -c -target aarch64-linux-android21 -fomit-frame-pointer -march=armv8-a -fPIC -Wall -fexceptions -DANDROID -I/Users/sariha/.buildozer/android/platform/android-ndk-r25b/toolchains/llvm/prebuilt/darwin-x86_64/sysroot/usr/include -I/Users/sariha/Desktop/Test_Kivy/.buildozer/android/platform/build-arm64-v8a_armeabi-v7a/build/python-installs/myapp/arm64-v8a/include/python3.1 conftest.c >&5
configure:19590: $? = 0
configure:19607: result: 8
configure:19619: checking size of long double
configure:19625: /Users/sariha/.buildozer/android/platform/android-ndk-r25b/toolchains/llvm/prebuilt/darwin-x86_64/bin/clang -target aarch64-linux-android21 -fomit-frame-pointer -march=armv8-a -fPIC -c -target aarch64-linux-android21 -fomit-frame-pointer -march=armv8-a -fPIC -Wall -fexceptions -DANDROID -I/Users/sariha/.buildozer/android/platform/android-ndk-r25b/toolchains/llvm/prebuilt/darwin-x86_64/sysroot/usr/include -I/Users/sariha/Desktop/Test_Kivy/.buildozer/android/platform/build-arm64-v8a_armeabi-v7a/build/python-installs/myapp/arm64-v8a/include/python3.1 conftest.c >&5
configure:19625: $? = 0
configure:19625: /Users/sariha/.buildozer/android/platform/android-ndk-r25b/toolchains/llvm/prebuilt/darwin-x86_64/bin/clang -target aarch64-linux-android21 -fomit-frame-pointer -march=armv8-a -fPIC -c -target aarch64-linux-android21 -fomit-frame-pointer -march=armv8-a -fPIC -Wall -fexceptions -DANDROID -I/Users/sariha/.buildozer/android/platform/android-ndk-r25b/toolchains/llvm/prebuilt/darwin-x86_64/sysroot/usr/include -I/Users/sariha/Desktop/Test_Kivy/.buildozer/android/platform/build-arm64-v8a_armeabi-v7a/build/python-installs/myapp/arm64-v8a/include/python3.1 conftest.c >&5
conftest.c:65:24: error: 'test_array' declared as an array with a negative size
static int test_array [1 - 2 * !(((long int) (sizeof (long double))) <= 0)];
                       ^~~~~~~~~~~~~~~~~~~~~~~~~~~~~~~~~~~~~~~~~~~~~~~~~~~
1 error generated.
configure:19625: $? = 1
configure: failed program was:
| /* confdefs.h */
| #define PACKAGE_NAME "libffi"
| #define PACKAGE_TARNAME "libffi"
| #define PACKAGE_VERSION "3.4.2"
| #define PACKAGE_STRING "libffi 3.4.2"
| #define PACKAGE_BUGREPORT "http://github.com/libffi/libffi/issues"
| #define PACKAGE_URL ""
| #define PACKAGE "libffi"
| #define VERSION "3.4.2"
| #define HAVE_STDIO_H 1
| #define HAVE_STDLIB_H 1
| #define HAVE_STRING_H 1
| #define HAVE_INTTYPES_H 1
| #define HAVE_STDINT_H 1
| #define HAVE_STRINGS_H 1
| #define HAVE_SYS_STAT_H 1
| #define HAVE_SYS_TYPES_H 1
| #define HAVE_UNISTD_H 1
| #define STDC_HEADERS 1
| #define HAVE_DLFCN_H 1
| #define LT_OBJDIR ".libs/"
| #define SIZEOF_SIZE_T 8
| #define HAVE_SYS_MMAN_H 1
| #define HAVE_MMAP 1
| #define HAVE_MKSTEMP 1
| #define HAVE_MMAP_FILE 1
| #define HAVE_MMAP_DEV_ZERO 1
| #define HAVE_MMAP_ANON 1
| #define HAVE_MEMCPY 1
| #define HAVE_ALLOCA_H 1
| #define HAVE_ALLOCA 1
| #define SIZEOF_DOUBLE 8
| /* end confdefs.h.  */
| #include <stddef.h>
| #ifdef HAVE_STDIO_H
| # include <stdio.h>
| #endif
| #ifdef HAVE_STDLIB_H
| # include <stdlib.h>
| #endif
| #ifdef HAVE_STRING_H
| # include <string.h>
| #endif
| #ifdef HAVE_INTTYPES_H
| # include <inttypes.h>
| #endif
| #ifdef HAVE_STDINT_H
| # include <stdint.h>
| #endif
| #ifdef HAVE_STRINGS_H
| # include <strings.h>
| #endif
| #ifdef HAVE_SYS_TYPES_H
| # include <sys/types.h>
| #endif
| #ifdef HAVE_SYS_STAT_H
| # include <sys/stat.h>
| #endif
| #ifdef HAVE_UNISTD_H
| # include <unistd.h>
| #endif
| int
| main (void)
| {
| static int test_array [1 - 2 * !(((long int) (sizeof (long double))) <= 0)];
| test_array [0] = 0;
| return test_array [0];
| 
|   ;
|   return 0;
| }
configure:19625: /Users/sariha/.buildozer/android/platform/android-ndk-r25b/toolchains/llvm/prebuilt/darwin-x86_64/bin/clang -target aarch64-linux-android21 -fomit-frame-pointer -march=armv8-a -fPIC -c -target aarch64-linux-android21 -fomit-frame-pointer -march=armv8-a -fPIC -Wall -fexceptions -DANDROID -I/Users/sariha/.buildozer/android/platform/android-ndk-r25b/toolchains/llvm/prebuilt/darwin-x86_64/sysroot/usr/include -I/Users/sariha/Desktop/Test_Kivy/.buildozer/android/platform/build-arm64-v8a_armeabi-v7a/build/python-installs/myapp/arm64-v8a/include/python3.1 conftest.c >&5
conftest.c:65:24: error: 'test_array' declared as an array with a negative size
static int test_array [1 - 2 * !(((long int) (sizeof (long double))) <= 1)];
                       ^~~~~~~~~~~~~~~~~~~~~~~~~~~~~~~~~~~~~~~~~~~~~~~~~~~
1 error generated.
configure:19625: $? = 1
configure: failed program was:
| /* confdefs.h */
| #define PACKAGE_NAME "libffi"
| #define PACKAGE_TARNAME "libffi"
| #define PACKAGE_VERSION "3.4.2"
| #define PACKAGE_STRING "libffi 3.4.2"
| #define PACKAGE_BUGREPORT "http://github.com/libffi/libffi/issues"
| #define PACKAGE_URL ""
| #define PACKAGE "libffi"
| #define VERSION "3.4.2"
| #define HAVE_STDIO_H 1
| #define HAVE_STDLIB_H 1
| #define HAVE_STRING_H 1
| #define HAVE_INTTYPES_H 1
| #define HAVE_STDINT_H 1
| #define HAVE_STRINGS_H 1
| #define HAVE_SYS_STAT_H 1
| #define HAVE_SYS_TYPES_H 1
| #define HAVE_UNISTD_H 1
| #define STDC_HEADERS 1
| #define HAVE_DLFCN_H 1
| #define LT_OBJDIR ".libs/"
| #define SIZEOF_SIZE_T 8
| #define HAVE_SYS_MMAN_H 1
| #define HAVE_MMAP 1
| #define HAVE_MKSTEMP 1
| #define HAVE_MMAP_FILE 1
| #define HAVE_MMAP_DEV_ZERO 1
| #define HAVE_MMAP_ANON 1
| #define HAVE_MEMCPY 1
| #define HAVE_ALLOCA_H 1
| #define HAVE_ALLOCA 1
| #define SIZEOF_DOUBLE 8
| /* end confdefs.h.  */
| #include <stddef.h>
| #ifdef HAVE_STDIO_H
| # include <stdio.h>
| #endif
| #ifdef HAVE_STDLIB_H
| # include <stdlib.h>
| #endif
| #ifdef HAVE_STRING_H
| # include <string.h>
| #endif
| #ifdef HAVE_INTTYPES_H
| # include <inttypes.h>
| #endif
| #ifdef HAVE_STDINT_H
| # include <stdint.h>
| #endif
| #ifdef HAVE_STRINGS_H
| # include <strings.h>
| #endif
| #ifdef HAVE_SYS_TYPES_H
| # include <sys/types.h>
| #endif
| #ifdef HAVE_SYS_STAT_H
| # include <sys/stat.h>
| #endif
| #ifdef HAVE_UNISTD_H
| # include <unistd.h>
| #endif
| int
| main (void)
| {
| static int test_array [1 - 2 * !(((long int) (sizeof (long double))) <= 1)];
| test_array [0] = 0;
| return test_array [0];
| 
|   ;
|   return 0;
| }
configure:19625: /Users/sariha/.buildozer/android/platform/android-ndk-r25b/toolchains/llvm/prebuilt/darwin-x86_64/bin/clang -target aarch64-linux-android21 -fomit-frame-pointer -march=armv8-a -fPIC -c -target aarch64-linux-android21 -fomit-frame-pointer -march=armv8-a -fPIC -Wall -fexceptions -DANDROID -I/Users/sariha/.buildozer/android/platform/android-ndk-r25b/toolchains/llvm/prebuilt/darwin-x86_64/sysroot/usr/include -I/Users/sariha/Desktop/Test_Kivy/.buildozer/android/platform/build-arm64-v8a_armeabi-v7a/build/python-installs/myapp/arm64-v8a/include/python3.1 conftest.c >&5
conftest.c:65:24: error: 'test_array' declared as an array with a negative size
static int test_array [1 - 2 * !(((long int) (sizeof (long double))) <= 3)];
                       ^~~~~~~~~~~~~~~~~~~~~~~~~~~~~~~~~~~~~~~~~~~~~~~~~~~
1 error generated.
configure:19625: $? = 1
configure: failed program was:
| /* confdefs.h */
| #define PACKAGE_NAME "libffi"
| #define PACKAGE_TARNAME "libffi"
| #define PACKAGE_VERSION "3.4.2"
| #define PACKAGE_STRING "libffi 3.4.2"
| #define PACKAGE_BUGREPORT "http://github.com/libffi/libffi/issues"
| #define PACKAGE_URL ""
| #define PACKAGE "libffi"
| #define VERSION "3.4.2"
| #define HAVE_STDIO_H 1
| #define HAVE_STDLIB_H 1
| #define HAVE_STRING_H 1
| #define HAVE_INTTYPES_H 1
| #define HAVE_STDINT_H 1
| #define HAVE_STRINGS_H 1
| #define HAVE_SYS_STAT_H 1
| #define HAVE_SYS_TYPES_H 1
| #define HAVE_UNISTD_H 1
| #define STDC_HEADERS 1
| #define HAVE_DLFCN_H 1
| #define LT_OBJDIR ".libs/"
| #define SIZEOF_SIZE_T 8
| #define HAVE_SYS_MMAN_H 1
| #define HAVE_MMAP 1
| #define HAVE_MKSTEMP 1
| #define HAVE_MMAP_FILE 1
| #define HAVE_MMAP_DEV_ZERO 1
| #define HAVE_MMAP_ANON 1
| #define HAVE_MEMCPY 1
| #define HAVE_ALLOCA_H 1
| #define HAVE_ALLOCA 1
| #define SIZEOF_DOUBLE 8
| /* end confdefs.h.  */
| #include <stddef.h>
| #ifdef HAVE_STDIO_H
| # include <stdio.h>
| #endif
| #ifdef HAVE_STDLIB_H
| # include <stdlib.h>
| #endif
| #ifdef HAVE_STRING_H
| # include <string.h>
| #endif
| #ifdef HAVE_INTTYPES_H
| # include <inttypes.h>
| #endif
| #ifdef HAVE_STDINT_H
| # include <stdint.h>
| #endif
| #ifdef HAVE_STRINGS_H
| # include <strings.h>
| #endif
| #ifdef HAVE_SYS_TYPES_H
| # include <sys/types.h>
| #endif
| #ifdef HAVE_SYS_STAT_H
| # include <sys/stat.h>
| #endif
| #ifdef HAVE_UNISTD_H
| # include <unistd.h>
| #endif
| int
| main (void)
| {
| static int test_array [1 - 2 * !(((long int) (sizeof (long double))) <= 3)];
| test_array [0] = 0;
| return test_array [0];
| 
|   ;
|   return 0;
| }
configure:19625: /Users/sariha/.buildozer/android/platform/android-ndk-r25b/toolchains/llvm/prebuilt/darwin-x86_64/bin/clang -target aarch64-linux-android21 -fomit-frame-pointer -march=armv8-a -fPIC -c -target aarch64-linux-android21 -fomit-frame-pointer -march=armv8-a -fPIC -Wall -fexceptions -DANDROID -I/Users/sariha/.buildozer/android/platform/android-ndk-r25b/toolchains/llvm/prebuilt/darwin-x86_64/sysroot/usr/include -I/Users/sariha/Desktop/Test_Kivy/.buildozer/android/platform/build-arm64-v8a_armeabi-v7a/build/python-installs/myapp/arm64-v8a/include/python3.1 conftest.c >&5
conftest.c:65:24: error: 'test_array' declared as an array with a negative size
static int test_array [1 - 2 * !(((long int) (sizeof (long double))) <= 7)];
                       ^~~~~~~~~~~~~~~~~~~~~~~~~~~~~~~~~~~~~~~~~~~~~~~~~~~
1 error generated.
configure:19625: $? = 1
configure: failed program was:
| /* confdefs.h */
| #define PACKAGE_NAME "libffi"
| #define PACKAGE_TARNAME "libffi"
| #define PACKAGE_VERSION "3.4.2"
| #define PACKAGE_STRING "libffi 3.4.2"
| #define PACKAGE_BUGREPORT "http://github.com/libffi/libffi/issues"
| #define PACKAGE_URL ""
| #define PACKAGE "libffi"
| #define VERSION "3.4.2"
| #define HAVE_STDIO_H 1
| #define HAVE_STDLIB_H 1
| #define HAVE_STRING_H 1
| #define HAVE_INTTYPES_H 1
| #define HAVE_STDINT_H 1
| #define HAVE_STRINGS_H 1
| #define HAVE_SYS_STAT_H 1
| #define HAVE_SYS_TYPES_H 1
| #define HAVE_UNISTD_H 1
| #define STDC_HEADERS 1
| #define HAVE_DLFCN_H 1
| #define LT_OBJDIR ".libs/"
| #define SIZEOF_SIZE_T 8
| #define HAVE_SYS_MMAN_H 1
| #define HAVE_MMAP 1
| #define HAVE_MKSTEMP 1
| #define HAVE_MMAP_FILE 1
| #define HAVE_MMAP_DEV_ZERO 1
| #define HAVE_MMAP_ANON 1
| #define HAVE_MEMCPY 1
| #define HAVE_ALLOCA_H 1
| #define HAVE_ALLOCA 1
| #define SIZEOF_DOUBLE 8
| /* end confdefs.h.  */
| #include <stddef.h>
| #ifdef HAVE_STDIO_H
| # include <stdio.h>
| #endif
| #ifdef HAVE_STDLIB_H
| # include <stdlib.h>
| #endif
| #ifdef HAVE_STRING_H
| # include <string.h>
| #endif
| #ifdef HAVE_INTTYPES_H
| # include <inttypes.h>
| #endif
| #ifdef HAVE_STDINT_H
| # include <stdint.h>
| #endif
| #ifdef HAVE_STRINGS_H
| # include <strings.h>
| #endif
| #ifdef HAVE_SYS_TYPES_H
| # include <sys/types.h>
| #endif
| #ifdef HAVE_SYS_STAT_H
| # include <sys/stat.h>
| #endif
| #ifdef HAVE_UNISTD_H
| # include <unistd.h>
| #endif
| int
| main (void)
| {
| static int test_array [1 - 2 * !(((long int) (sizeof (long double))) <= 7)];
| test_array [0] = 0;
| return test_array [0];
| 
|   ;
|   return 0;
| }
configure:19625: /Users/sariha/.buildozer/android/platform/android-ndk-r25b/toolchains/llvm/prebuilt/darwin-x86_64/bin/clang -target aarch64-linux-android21 -fomit-frame-pointer -march=armv8-a -fPIC -c -target aarch64-linux-android21 -fomit-frame-pointer -march=armv8-a -fPIC -Wall -fexceptions -DANDROID -I/Users/sariha/.buildozer/android/platform/android-ndk-r25b/toolchains/llvm/prebuilt/darwin-x86_64/sysroot/usr/include -I/Users/sariha/Desktop/Test_Kivy/.buildozer/android/platform/build-arm64-v8a_armeabi-v7a/build/python-installs/myapp/arm64-v8a/include/python3.1 conftest.c >&5
conftest.c:65:24: error: 'test_array' declared as an array with a negative size
static int test_array [1 - 2 * !(((long int) (sizeof (long double))) <= 15)];
                       ^~~~~~~~~~~~~~~~~~~~~~~~~~~~~~~~~~~~~~~~~~~~~~~~~~~~
1 error generated.
configure:19625: $? = 1
configure: failed program was:
| /* confdefs.h */
| #define PACKAGE_NAME "libffi"
| #define PACKAGE_TARNAME "libffi"
| #define PACKAGE_VERSION "3.4.2"
| #define PACKAGE_STRING "libffi 3.4.2"
| #define PACKAGE_BUGREPORT "http://github.com/libffi/libffi/issues"
| #define PACKAGE_URL ""
| #define PACKAGE "libffi"
| #define VERSION "3.4.2"
| #define HAVE_STDIO_H 1
| #define HAVE_STDLIB_H 1
| #define HAVE_STRING_H 1
| #define HAVE_INTTYPES_H 1
| #define HAVE_STDINT_H 1
| #define HAVE_STRINGS_H 1
| #define HAVE_SYS_STAT_H 1
| #define HAVE_SYS_TYPES_H 1
| #define HAVE_UNISTD_H 1
| #define STDC_HEADERS 1
| #define HAVE_DLFCN_H 1
| #define LT_OBJDIR ".libs/"
| #define SIZEOF_SIZE_T 8
| #define HAVE_SYS_MMAN_H 1
| #define HAVE_MMAP 1
| #define HAVE_MKSTEMP 1
| #define HAVE_MMAP_FILE 1
| #define HAVE_MMAP_DEV_ZERO 1
| #define HAVE_MMAP_ANON 1
| #define HAVE_MEMCPY 1
| #define HAVE_ALLOCA_H 1
| #define HAVE_ALLOCA 1
| #define SIZEOF_DOUBLE 8
| /* end confdefs.h.  */
| #include <stddef.h>
| #ifdef HAVE_STDIO_H
| # include <stdio.h>
| #endif
| #ifdef HAVE_STDLIB_H
| # include <stdlib.h>
| #endif
| #ifdef HAVE_STRING_H
| # include <string.h>
| #endif
| #ifdef HAVE_INTTYPES_H
| # include <inttypes.h>
| #endif
| #ifdef HAVE_STDINT_H
| # include <stdint.h>
| #endif
| #ifdef HAVE_STRINGS_H
| # include <strings.h>
| #endif
| #ifdef HAVE_SYS_TYPES_H
| # include <sys/types.h>
| #endif
| #ifdef HAVE_SYS_STAT_H
| # include <sys/stat.h>
| #endif
| #ifdef HAVE_UNISTD_H
| # include <unistd.h>
| #endif
| int
| main (void)
| {
| static int test_array [1 - 2 * !(((long int) (sizeof (long double))) <= 15)];
| test_array [0] = 0;
| return test_array [0];
| 
|   ;
|   return 0;
| }
configure:19625: /Users/sariha/.buildozer/android/platform/android-ndk-r25b/toolchains/llvm/prebuilt/darwin-x86_64/bin/clang -target aarch64-linux-android21 -fomit-frame-pointer -march=armv8-a -fPIC -c -target aarch64-linux-android21 -fomit-frame-pointer -march=armv8-a -fPIC -Wall -fexceptions -DANDROID -I/Users/sariha/.buildozer/android/platform/android-ndk-r25b/toolchains/llvm/prebuilt/darwin-x86_64/sysroot/usr/include -I/Users/sariha/Desktop/Test_Kivy/.buildozer/android/platform/build-arm64-v8a_armeabi-v7a/build/python-installs/myapp/arm64-v8a/include/python3.1 conftest.c >&5
configure:19625: $? = 0
configure:19625: /Users/sariha/.buildozer/android/platform/android-ndk-r25b/toolchains/llvm/prebuilt/darwin-x86_64/bin/clang -target aarch64-linux-android21 -fomit-frame-pointer -march=armv8-a -fPIC -c -target aarch64-linux-android21 -fomit-frame-pointer -march=armv8-a -fPIC -Wall -fexceptions -DANDROID -I/Users/sariha/.buildozer/android/platform/android-ndk-r25b/toolchains/llvm/prebuilt/darwin-x86_64/sysroot/usr/include -I/Users/sariha/Desktop/Test_Kivy/.buildozer/android/platform/build-arm64-v8a_armeabi-v7a/build/python-installs/myapp/arm64-v8a/include/python3.1 conftest.c >&5
configure:19625: $? = 0
configure:19625: /Users/sariha/.buildozer/android/platform/android-ndk-r25b/toolchains/llvm/prebuilt/darwin-x86_64/bin/clang -target aarch64-linux-android21 -fomit-frame-pointer -march=armv8-a -fPIC -c -target aarch64-linux-android21 -fomit-frame-pointer -march=armv8-a -fPIC -Wall -fexceptions -DANDROID -I/Users/sariha/.buildozer/android/platform/android-ndk-r25b/toolchains/llvm/prebuilt/darwin-x86_64/sysroot/usr/include -I/Users/sariha/Desktop/Test_Kivy/.buildozer/android/platform/build-arm64-v8a_armeabi-v7a/build/python-installs/myapp/arm64-v8a/include/python3.1 conftest.c >&5
configure:19625: $? = 0
configure:19625: /Users/sariha/.buildozer/android/platform/android-ndk-r25b/toolchains/llvm/prebuilt/darwin-x86_64/bin/clang -target aarch64-linux-android21 -fomit-frame-pointer -march=armv8-a -fPIC -c -target aarch64-linux-android21 -fomit-frame-pointer -march=armv8-a -fPIC -Wall -fexceptions -DANDROID -I/Users/sariha/.buildozer/android/platform/android-ndk-r25b/toolchains/llvm/prebuilt/darwin-x86_64/sysroot/usr/include -I/Users/sariha/Desktop/Test_Kivy/.buildozer/android/platform/build-arm64-v8a_armeabi-v7a/build/python-installs/myapp/arm64-v8a/include/python3.1 conftest.c >&5
configure:19625: $? = 0
configure:19625: /Users/sariha/.buildozer/android/platform/android-ndk-r25b/toolchains/llvm/prebuilt/darwin-x86_64/bin/clang -target aarch64-linux-android21 -fomit-frame-pointer -march=armv8-a -fPIC -c -target aarch64-linux-android21 -fomit-frame-pointer -march=armv8-a -fPIC -Wall -fexceptions -DANDROID -I/Users/sariha/.buildozer/android/platform/android-ndk-r25b/toolchains/llvm/prebuilt/darwin-x86_64/sysroot/usr/include -I/Users/sariha/Desktop/Test_Kivy/.buildozer/android/platform/build-arm64-v8a_armeabi-v7a/build/python-installs/myapp/arm64-v8a/include/python3.1 conftest.c >&5
configure:19625: $? = 0
configure:19642: result: 16
configure:19673: checking whether byte ordering is bigendian
configure:19689: /Users/sariha/.buildozer/android/platform/android-ndk-r25b/toolchains/llvm/prebuilt/darwin-x86_64/bin/clang -target aarch64-linux-android21 -fomit-frame-pointer -march=armv8-a -fPIC -c -target aarch64-linux-android21 -fomit-frame-pointer -march=armv8-a -fPIC -Wall -fexceptions -DANDROID -I/Users/sariha/.buildozer/android/platform/android-ndk-r25b/toolchains/llvm/prebuilt/darwin-x86_64/sysroot/usr/include -I/Users/sariha/Desktop/Test_Kivy/.buildozer/android/platform/build-arm64-v8a_armeabi-v7a/build/python-installs/myapp/arm64-v8a/include/python3.1 conftest.c >&5
conftest.c:37:9: error: unknown type name 'not'
               not a universal capable compiler
               ^
conftest.c:37:14: error: expected ';' after top level declarator
               not a universal capable compiler
                    ^
                    ;
2 errors generated.
configure:19689: $? = 1
configure: failed program was:
| /* confdefs.h */
| #define PACKAGE_NAME "libffi"
| #define PACKAGE_TARNAME "libffi"
| #define PACKAGE_VERSION "3.4.2"
| #define PACKAGE_STRING "libffi 3.4.2"
| #define PACKAGE_BUGREPORT "http://github.com/libffi/libffi/issues"
| #define PACKAGE_URL ""
| #define PACKAGE "libffi"
| #define VERSION "3.4.2"
| #define HAVE_STDIO_H 1
| #define HAVE_STDLIB_H 1
| #define HAVE_STRING_H 1
| #define HAVE_INTTYPES_H 1
| #define HAVE_STDINT_H 1
| #define HAVE_STRINGS_H 1
| #define HAVE_SYS_STAT_H 1
| #define HAVE_SYS_TYPES_H 1
| #define HAVE_UNISTD_H 1
| #define STDC_HEADERS 1
| #define HAVE_DLFCN_H 1
| #define LT_OBJDIR ".libs/"
| #define SIZEOF_SIZE_T 8
| #define HAVE_SYS_MMAN_H 1
| #define HAVE_MMAP 1
| #define HAVE_MKSTEMP 1
| #define HAVE_MMAP_FILE 1
| #define HAVE_MMAP_DEV_ZERO 1
| #define HAVE_MMAP_ANON 1
| #define HAVE_MEMCPY 1
| #define HAVE_ALLOCA_H 1
| #define HAVE_ALLOCA 1
| #define SIZEOF_DOUBLE 8
| #define SIZEOF_LONG_DOUBLE 16
| #define HAVE_LONG_DOUBLE 1
| /* end confdefs.h.  */
| #ifndef __APPLE_CC__
| 	       not a universal capable compiler
| 	     #endif
| 	     typedef int dummy;
| 
configure:19735: /Users/sariha/.buildozer/android/platform/android-ndk-r25b/toolchains/llvm/prebuilt/darwin-x86_64/bin/clang -target aarch64-linux-android21 -fomit-frame-pointer -march=armv8-a -fPIC -c -target aarch64-linux-android21 -fomit-frame-pointer -march=armv8-a -fPIC -Wall -fexceptions -DANDROID -I/Users/sariha/.buildozer/android/platform/android-ndk-r25b/toolchains/llvm/prebuilt/darwin-x86_64/sysroot/usr/include -I/Users/sariha/Desktop/Test_Kivy/.buildozer/android/platform/build-arm64-v8a_armeabi-v7a/build/python-installs/myapp/arm64-v8a/include/python3.1 conftest.c >&5
configure:19735: $? = 0
configure:19754: /Users/sariha/.buildozer/android/platform/android-ndk-r25b/toolchains/llvm/prebuilt/darwin-x86_64/bin/clang -target aarch64-linux-android21 -fomit-frame-pointer -march=armv8-a -fPIC -c -target aarch64-linux-android21 -fomit-frame-pointer -march=armv8-a -fPIC -Wall -fexceptions -DANDROID -I/Users/sariha/.buildozer/android/platform/android-ndk-r25b/toolchains/llvm/prebuilt/darwin-x86_64/sysroot/usr/include -I/Users/sariha/Desktop/Test_Kivy/.buildozer/android/platform/build-arm64-v8a_armeabi-v7a/build/python-installs/myapp/arm64-v8a/include/python3.1 conftest.c >&5
conftest.c:43:4: error: use of undeclared identifier 'not'
                 not big endian
                 ^
1 error generated.
configure:19754: $? = 1
configure: failed program was:
| /* confdefs.h */
| #define PACKAGE_NAME "libffi"
| #define PACKAGE_TARNAME "libffi"
| #define PACKAGE_VERSION "3.4.2"
| #define PACKAGE_STRING "libffi 3.4.2"
| #define PACKAGE_BUGREPORT "http://github.com/libffi/libffi/issues"
| #define PACKAGE_URL ""
| #define PACKAGE "libffi"
| #define VERSION "3.4.2"
| #define HAVE_STDIO_H 1
| #define HAVE_STDLIB_H 1
| #define HAVE_STRING_H 1
| #define HAVE_INTTYPES_H 1
| #define HAVE_STDINT_H 1
| #define HAVE_STRINGS_H 1
| #define HAVE_SYS_STAT_H 1
| #define HAVE_SYS_TYPES_H 1
| #define HAVE_UNISTD_H 1
| #define STDC_HEADERS 1
| #define HAVE_DLFCN_H 1
| #define LT_OBJDIR ".libs/"
| #define SIZEOF_SIZE_T 8
| #define HAVE_SYS_MMAN_H 1
| #define HAVE_MMAP 1
| #define HAVE_MKSTEMP 1
| #define HAVE_MMAP_FILE 1
| #define HAVE_MMAP_DEV_ZERO 1
| #define HAVE_MMAP_ANON 1
| #define HAVE_MEMCPY 1
| #define HAVE_ALLOCA_H 1
| #define HAVE_ALLOCA 1
| #define SIZEOF_DOUBLE 8
| #define SIZEOF_LONG_DOUBLE 16
| #define HAVE_LONG_DOUBLE 1
| /* end confdefs.h.  */
| #include <sys/types.h>
| 		#include <sys/param.h>
| 
| int
| main (void)
| {
| #if BYTE_ORDER != BIG_ENDIAN
| 		 not big endian
| 		#endif
| 
|   ;
|   return 0;
| }
configure:19895: result: no
configure:19914: checking assembler .cfi pseudo-op support
configure:19933: /Users/sariha/.buildozer/android/platform/android-ndk-r25b/toolchains/llvm/prebuilt/darwin-x86_64/bin/clang -target aarch64-linux-android21 -fomit-frame-pointer -march=armv8-a -fPIC -c -target aarch64-linux-android21 -fomit-frame-pointer -march=armv8-a -fPIC -Wall -fexceptions -DANDROID -I/Users/sariha/.buildozer/android/platform/android-ndk-r25b/toolchains/llvm/prebuilt/darwin-x86_64/sysroot/usr/include -I/Users/sariha/Desktop/Test_Kivy/.buildozer/android/platform/build-arm64-v8a_armeabi-v7a/build/python-installs/myapp/arm64-v8a/include/python3.1 conftest.c >&5
configure:19933: $? = 0
configure:19944: result: yes
configure:20091: checking whether compiler supports pointer authentication
configure:20120: /Users/sariha/.buildozer/android/platform/android-ndk-r25b/toolchains/llvm/prebuilt/darwin-x86_64/bin/clang -target aarch64-linux-android21 -fomit-frame-pointer -march=armv8-a -fPIC -c -target aarch64-linux-android21 -fomit-frame-pointer -march=armv8-a -fPIC -Wall -fexceptions -DANDROID -I/Users/sariha/.buildozer/android/platform/android-ndk-r25b/toolchains/llvm/prebuilt/darwin-x86_64/sysroot/usr/include -I/Users/sariha/Desktop/Test_Kivy/.buildozer/android/platform/build-arm64-v8a_armeabi-v7a/build/python-installs/myapp/arm64-v8a/include/python3.1 conftest.c >&5
conftest.c:49:3: error: Pointer authentication not supported
# error Pointer authentication not supported
  ^
1 error generated.
configure:20120: $? = 1
configure: failed program was:
| /* confdefs.h */
| #define PACKAGE_NAME "libffi"
| #define PACKAGE_TARNAME "libffi"
| #define PACKAGE_VERSION "3.4.2"
| #define PACKAGE_STRING "libffi 3.4.2"
| #define PACKAGE_BUGREPORT "http://github.com/libffi/libffi/issues"
| #define PACKAGE_URL ""
| #define PACKAGE "libffi"
| #define VERSION "3.4.2"
| #define HAVE_STDIO_H 1
| #define HAVE_STDLIB_H 1
| #define HAVE_STRING_H 1
| #define HAVE_INTTYPES_H 1
| #define HAVE_STDINT_H 1
| #define HAVE_STRINGS_H 1
| #define HAVE_SYS_STAT_H 1
| #define HAVE_SYS_TYPES_H 1
| #define HAVE_UNISTD_H 1
| #define STDC_HEADERS 1
| #define HAVE_DLFCN_H 1
| #define LT_OBJDIR ".libs/"
| #define SIZEOF_SIZE_T 8
| #define HAVE_SYS_MMAN_H 1
| #define HAVE_MMAP 1
| #define HAVE_MKSTEMP 1
| #define HAVE_MMAP_FILE 1
| #define HAVE_MMAP_DEV_ZERO 1
| #define HAVE_MMAP_ANON 1
| #define HAVE_MEMCPY 1
| #define HAVE_ALLOCA_H 1
| #define HAVE_ALLOCA 1
| #define SIZEOF_DOUBLE 8
| #define SIZEOF_LONG_DOUBLE 16
| #define HAVE_LONG_DOUBLE 1
| #define HAVE_AS_CFI_PSEUDO_OP 1
| /* end confdefs.h.  */
| 
| int
| main (void)
| {
| 
| #ifdef __clang__
| # if __has_feature(ptrauth_calls)
| #  define HAVE_PTRAUTH 1
| # endif
| #endif
| 
| #ifndef HAVE_PTRAUTH
| # error Pointer authentication not supported
| #endif
| 
|   ;
|   return 0;
| }
configure:20131: result: no
configure:20151: checking for _ prefix in compiled symbols
configure:20162: /Users/sariha/.buildozer/android/platform/android-ndk-r25b/toolchains/llvm/prebuilt/darwin-x86_64/bin/clang -target aarch64-linux-android21 -fomit-frame-pointer -march=armv8-a -fPIC -c -target aarch64-linux-android21 -fomit-frame-pointer -march=armv8-a -fPIC -Wall -fexceptions -DANDROID -I/Users/sariha/.buildozer/android/platform/android-ndk-r25b/toolchains/llvm/prebuilt/darwin-x86_64/sysroot/usr/include -I/Users/sariha/Desktop/Test_Kivy/.buildozer/android/platform/build-arm64-v8a_armeabi-v7a/build/python-installs/myapp/arm64-v8a/include/python3.1 conftest.c >&5
conftest.c:2:16: warning: expression result unused [-Wunused-value]
int main(void){nm_test_func;return 0;}
               ^~~~~~~~~~~~
1 warning generated.
configure:20165: $? = 0
configure:20169: nm conftest.o \|  \> conftest.nm
configure:20172: $? = 0
configure: cannot run 
configure:20195: result: no
configure:20272: checking whether C compiler accepts -fno-lto
configure:20292: /Users/sariha/.buildozer/android/platform/android-ndk-r25b/toolchains/llvm/prebuilt/darwin-x86_64/bin/clang -target aarch64-linux-android21 -fomit-frame-pointer -march=armv8-a -fPIC -c -target aarch64-linux-android21 -fomit-frame-pointer -march=armv8-a -fPIC -Wall -fexceptions  -fno-lto -DANDROID -I/Users/sariha/.buildozer/android/platform/android-ndk-r25b/toolchains/llvm/prebuilt/darwin-x86_64/sysroot/usr/include -I/Users/sariha/Desktop/Test_Kivy/.buildozer/android/platform/build-arm64-v8a_armeabi-v7a/build/python-installs/myapp/arm64-v8a/include/python3.1 conftest.c >&5
configure:20292: $? = 0
configure:20303: result: yes
configure:20314: checking whether .eh_frame section should be read-only
configure:20332: result: yes
configure:20347: checking for __attribute__((visibility("hidden")))
configure:20357: /Users/sariha/.buildozer/android/platform/android-ndk-r25b/toolchains/llvm/prebuilt/darwin-x86_64/bin/clang -target aarch64-linux-android21 -fomit-frame-pointer -march=armv8-a -fPIC -Werror -S conftest.c -o conftest.s 1>&5
configure:20360: $? = 0
configure:20370: result: yes
configure:20537: checking for ld used by /Users/sariha/.buildozer/android/platform/android-ndk-r25b/toolchains/llvm/prebuilt/darwin-x86_64/bin/clang -target aarch64-linux-android21 -fomit-frame-pointer -march=armv8-a -fPIC
configure:20606: result: /Users/sariha/.buildozer/android/platform/android-ndk-r25b/toolchains/llvm/prebuilt/darwin-x86_64/bin/ld
configure:20613: checking if the linker (/Users/sariha/.buildozer/android/platform/android-ndk-r25b/toolchains/llvm/prebuilt/darwin-x86_64/bin/ld) is GNU ld
configure:20630: result: yes
configure:20810: checking for shared libgcc
configure:20825: /Users/sariha/.buildozer/android/platform/android-ndk-r25b/toolchains/llvm/prebuilt/darwin-x86_64/bin/clang -target aarch64-linux-android21 -fomit-frame-pointer -march=armv8-a -fPIC -o conftest  -lgcc_s -DANDROID -I/Users/sariha/.buildozer/android/platform/android-ndk-r25b/toolchains/llvm/prebuilt/darwin-x86_64/sysroot/usr/include -I/Users/sariha/Desktop/Test_Kivy/.buildozer/android/platform/build-arm64-v8a_armeabi-v7a/build/python-installs/myapp/arm64-v8a/include/python3.1   -L/Users/sariha/Desktop/Test_Kivy/.buildozer/android/platform/build-arm64-v8a_armeabi-v7a/build/libs_collections/myapp/arm64-v8a conftest.c  >&5
ld: error: unable to find library -lgcc_s
clang-14: error: linker command failed with exit code 1 (use -v to see invocation)
configure:20825: $? = 1
configure: failed program was:
| /* confdefs.h */
| #define PACKAGE_NAME "libffi"
| #define PACKAGE_TARNAME "libffi"
| #define PACKAGE_VERSION "3.4.2"
| #define PACKAGE_STRING "libffi 3.4.2"
| #define PACKAGE_BUGREPORT "http://github.com/libffi/libffi/issues"
| #define PACKAGE_URL ""
| #define PACKAGE "libffi"
| #define VERSION "3.4.2"
| #define HAVE_STDIO_H 1
| #define HAVE_STDLIB_H 1
| #define HAVE_STRING_H 1
| #define HAVE_INTTYPES_H 1
| #define HAVE_STDINT_H 1
| #define HAVE_STRINGS_H 1
| #define HAVE_SYS_STAT_H 1
| #define HAVE_SYS_TYPES_H 1
| #define HAVE_UNISTD_H 1
| #define STDC_HEADERS 1
| #define HAVE_DLFCN_H 1
| #define LT_OBJDIR ".libs/"
| #define SIZEOF_SIZE_T 8
| #define HAVE_SYS_MMAN_H 1
| #define HAVE_MMAP 1
| #define HAVE_MKSTEMP 1
| #define HAVE_MMAP_FILE 1
| #define HAVE_MMAP_DEV_ZERO 1
| #define HAVE_MMAP_ANON 1
| #define HAVE_MEMCPY 1
| #define HAVE_ALLOCA_H 1
| #define HAVE_ALLOCA 1
| #define SIZEOF_DOUBLE 8
| #define SIZEOF_LONG_DOUBLE 16
| #define HAVE_LONG_DOUBLE 1
| #define HAVE_AS_CFI_PSEUDO_OP 1
| #define FFI_MMAP_EXEC_WRIT 1
| #define HAVE_RO_EH_FRAME 1
| #define EH_FRAME_FLAGS "a"
| #define HAVE_HIDDEN_VISIBILITY_ATTRIBUTE 1
| #define FFI_EXEC_STATIC_TRAMP 1
| /* end confdefs.h.  */
| 
| int
| main (void)
| {
| return 0;
|   ;
|   return 0;
| }
configure:20857: /Users/sariha/.buildozer/android/platform/android-ndk-r25b/toolchains/llvm/prebuilt/darwin-x86_64/bin/clang -target aarch64-linux-android21 -fomit-frame-pointer -march=armv8-a -fPIC -o conftest  -lgcc_s -DANDROID -I/Users/sariha/.buildozer/android/platform/android-ndk-r25b/toolchains/llvm/prebuilt/darwin-x86_64/sysroot/usr/include -I/Users/sariha/Desktop/Test_Kivy/.buildozer/android/platform/build-arm64-v8a_armeabi-v7a/build/python-installs/myapp/arm64-v8a/include/python3.1   -L/Users/sariha/Desktop/Test_Kivy/.buildozer/android/platform/build-arm64-v8a_armeabi-v7a/build/libs_collections/myapp/arm64-v8a conftest.c  >&5
ld: error: unable to find library -lgcc_s
clang-14: error: linker command failed with exit code 1 (use -v to see invocation)
configure:20857: $? = 1
configure: failed program was:
| /* confdefs.h */
| #define PACKAGE_NAME "libffi"
| #define PACKAGE_TARNAME "libffi"
| #define PACKAGE_VERSION "3.4.2"
| #define PACKAGE_STRING "libffi 3.4.2"
| #define PACKAGE_BUGREPORT "http://github.com/libffi/libffi/issues"
| #define PACKAGE_URL ""
| #define PACKAGE "libffi"
| #define VERSION "3.4.2"
| #define HAVE_STDIO_H 1
| #define HAVE_STDLIB_H 1
| #define HAVE_STRING_H 1
| #define HAVE_INTTYPES_H 1
| #define HAVE_STDINT_H 1
| #define HAVE_STRINGS_H 1
| #define HAVE_SYS_STAT_H 1
| #define HAVE_SYS_TYPES_H 1
| #define HAVE_UNISTD_H 1
| #define STDC_HEADERS 1
| #define HAVE_DLFCN_H 1
| #define LT_OBJDIR ".libs/"
| #define SIZEOF_SIZE_T 8
| #define HAVE_SYS_MMAN_H 1
| #define HAVE_MMAP 1
| #define HAVE_MKSTEMP 1
| #define HAVE_MMAP_FILE 1
| #define HAVE_MMAP_DEV_ZERO 1
| #define HAVE_MMAP_ANON 1
| #define HAVE_MEMCPY 1
| #define HAVE_ALLOCA_H 1
| #define HAVE_ALLOCA 1
| #define SIZEOF_DOUBLE 8
| #define SIZEOF_LONG_DOUBLE 16
| #define HAVE_LONG_DOUBLE 1
| #define HAVE_AS_CFI_PSEUDO_OP 1
| #define FFI_MMAP_EXEC_WRIT 1
| #define HAVE_RO_EH_FRAME 1
| #define EH_FRAME_FLAGS "a"
| #define HAVE_HIDDEN_VISIBILITY_ATTRIBUTE 1
| #define FFI_EXEC_STATIC_TRAMP 1
| /* end confdefs.h.  */
| 
| int
| main (void)
| {
| return 0;
|   ;
|   return 0;
| }
configure:20866: result: no
configure:20952: versioning on shared library symbols is gnu
configure:21073: checking that generated files are newer than configure
configure:21079: result: done
configure:21159: creating ./config.status

## ---------------------- ##
## Running config.status. ##
## ---------------------- ##

This file was extended by libffi config.status 3.4.2, which was
generated by GNU Autoconf 2.72.  Invocation command line was

  CONFIG_FILES    = 
  CONFIG_HEADERS  = 
  CONFIG_LINKS    = 
  CONFIG_COMMANDS = 
  $ ./config.status 

on Sarihas-MacBook-Air.local

config.status:1242: creating include/Makefile
config.status:1242: creating include/ffi.h
config.status:1242: creating Makefile
config.status:1242: creating testsuite/Makefile
config.status:1242: creating man/Makefile
config.status:1242: creating doc/Makefile
config.status:1242: creating libffi.pc
config.status:1242: creating fficonfig.h
config.status:1471: executing buildir commands
config.status:1484: skipping top_srcdir/Makefile - not created
config.status:1471: executing depfiles commands
config.status:1692: cd .       && sed -e '/# am--include-marker/d' Makefile         | make -j8 -f - am--depfiles
config.status:1697: $? = 0
config.status:1471: executing libtool commands
config.status:1471: executing include commands
config.status:1471: executing src commands

## ---------------- ##
## Cache variables. ##
## ---------------- ##

ac_cv_build=aarch64-apple-darwin24.0.0
ac_cv_c_bigendian=no
ac_cv_c_compiler_gnu=yes
ac_cv_cflags_warn_all=-Wall
ac_cv_cxx_compiler_gnu=yes
ac_cv_decl_map_anon=yes
ac_cv_env_CCASFLAGS_set=
ac_cv_env_CCASFLAGS_value=
ac_cv_env_CCAS_set=
ac_cv_env_CCAS_value=
ac_cv_env_CPPFLAGS_set=set
ac_cv_env_CPPFLAGS_value='-DANDROID -I/Users/sariha/.buildozer/android/platform/android-ndk-r25b/toolchains/llvm/prebuilt/darwin-x86_64/sysroot/usr/include -I/Users/sariha/Desktop/Test_Kivy/.buildozer/android/platform/build-arm64-v8a_armeabi-v7a/build/python-installs/myapp/arm64-v8a/include/python3.1'
ac_cv_env_CXXCPP_set=
ac_cv_env_CXXCPP_value=
ac_cv_env_LT_SYS_LIBRARY_PATH_set=
ac_cv_env_LT_SYS_LIBRARY_PATH_value=
ac_cv_env_build_alias_set=
ac_cv_env_build_alias_value=
ac_cv_env_host_alias_set=set
ac_cv_env_host_alias_value=aarch64-linux-android
ac_cv_env_target_alias_set=
ac_cv_env_target_alias_value=
ac_cv_func_alloca_works=yes
ac_cv_func_memcpy=yes
ac_cv_func_memfd_create=no
ac_cv_func_mkostemp=no
ac_cv_func_mkstemp=yes
ac_cv_func_mmap=yes
ac_cv_func_mmap_anon=yes
ac_cv_func_mmap_dev_zero=yes
ac_cv_func_mmap_file=yes
ac_cv_header_dlfcn_h=yes
ac_cv_header_inttypes_h=yes
ac_cv_header_stdint_h=yes
ac_cv_header_stdio_h=yes
ac_cv_header_stdlib_h=yes
ac_cv_header_string_h=yes
ac_cv_header_strings_h=yes
ac_cv_header_sys_memfd_h=no
ac_cv_header_sys_mman_h=yes
ac_cv_header_sys_stat_h=yes
ac_cv_header_sys_types_h=yes
ac_cv_header_unistd_h=yes
ac_cv_host=aarch64-unknown-linux-android
ac_cv_objext=o
ac_cv_path_EGREP='/usr/bin/grep -E'
ac_cv_path_EGREP_TRADITIONAL='/usr/bin/grep -E'
ac_cv_path_FGREP='/usr/bin/grep -F'
ac_cv_path_GREP=/usr/bin/grep
ac_cv_path_SED=/usr/bin/sed
ac_cv_path_ax_enable_builddir_sed=sed
ac_cv_path_install='/usr/bin/install -c'
ac_cv_path_lt_DD=/bin/dd
ac_cv_prog_AR=/Users/sariha/.buildozer/android/platform/android-ndk-r25b/toolchains/llvm/prebuilt/darwin-x86_64/bin/llvm-ar
ac_cv_prog_AWK=awk
ac_cv_prog_CC='/Users/sariha/.buildozer/android/platform/android-ndk-r25b/toolchains/llvm/prebuilt/darwin-x86_64/bin/clang -target aarch64-linux-android21 -fomit-frame-pointer -march=armv8-a -fPIC'
ac_cv_prog_CXXCPP='/Users/sariha/.buildozer/android/platform/android-ndk-r25b/toolchains/llvm/prebuilt/darwin-x86_64/bin/clang++ -target aarch64-linux-android21 -fomit-frame-pointer -march=armv8-a -fPIC -E'
ac_cv_prog_FILECMD=file
ac_cv_prog_RANLIB=/Users/sariha/.buildozer/android/platform/android-ndk-r25b/toolchains/llvm/prebuilt/darwin-x86_64/bin/llvm-ranlib
ac_cv_prog_READELF=/Users/sariha/.buildozer/android/platform/android-ndk-r25b/toolchains/llvm/prebuilt/darwin-x86_64/bin/llvm-readelf
ac_cv_prog_STRIP='/Users/sariha/.buildozer/android/platform/android-ndk-r25b/toolchains/llvm/prebuilt/darwin-x86_64/bin/llvm-strip --strip-unneeded'
ac_cv_prog_ac_ct_DUMPBIN='link -dump'
ac_cv_prog_ac_ct_OBJDUMP=objdump
ac_cv_prog_cc_c11=
ac_cv_prog_cc_g=yes
ac_cv_prog_cc_stdc=
ac_cv_prog_cxx_cxx11=
ac_cv_prog_cxx_g=yes
ac_cv_prog_cxx_stdcxx=
ac_cv_prog_make_make_set=yes
ac_cv_sizeof_double=8
ac_cv_sizeof_long_double=16
ac_cv_sizeof_size_t=8
ac_cv_target=aarch64-unknown-linux-android
ac_cv_type_size_t=yes
ac_cv_working_alloca_h=yes
am_cv_CCAS_dependencies_compiler_type=gcc3
am_cv_CC_dependencies_compiler_type=gcc3
am_cv_CXX_dependencies_compiler_type=gcc3
am_cv_filesystem_timestamp_resolution=2
am_cv_make_support_nested_variables=yes
am_cv_prog_cc_c_o=yes
am_cv_sleep_fractional_seconds=yes
am_cv_xargs_n_works=yes
ax_cv_c_compiler_vendor=clang
ax_cv_check_cflags___fno_lto=yes
ax_cv_check_cflags___target_aarch64_linux_android21__fomit_frame_pointer__march_armv8_a__fPIC=yes
gcc_cv_as_cfi_pseudo_op=yes
libffi_cv_as_ptrauth=no
libffi_cv_hidden_visibility_attribute=yes
libffi_cv_no_lto=-fno-lto
libffi_cv_ro_eh_frame=yes
lt_cv_ar_at_file=@
lt_cv_archive_cmds_need_lc=no
lt_cv_deplibs_check_method=pass_all
lt_cv_file_magic_cmd='$MAGIC_CMD'
lt_cv_file_magic_test_file=
lt_cv_ld_reload_flag=-r
lt_cv_nm_interface='BSD nm'
lt_cv_objdir=.libs
lt_cv_path_LD=/Users/sariha/.buildozer/android/platform/android-ndk-r25b/toolchains/llvm/prebuilt/darwin-x86_64/bin/ld
lt_cv_path_LDCXX=/Users/sariha/.buildozer/android/platform/android-ndk-r25b/toolchains/llvm/prebuilt/darwin-x86_64/bin/ld
lt_cv_path_NM=no
lt_cv_path_manifest_tool=no
lt_cv_prog_compiler_c_o=yes
lt_cv_prog_compiler_c_o_CXX=yes
lt_cv_prog_compiler_pic='-fPIC -DPIC'
lt_cv_prog_compiler_pic_CXX='-fPIC -DPIC'
lt_cv_prog_compiler_pic_works=yes
lt_cv_prog_compiler_pic_works_CXX=yes
lt_cv_prog_compiler_rtti_exceptions=yes
lt_cv_prog_compiler_static_works=yes
lt_cv_prog_compiler_static_works_CXX=yes
lt_cv_prog_gnu_ld=yes
lt_cv_prog_gnu_ldcxx=yes
lt_cv_sharedlib_from_linklib_cmd='printf %s\n'
lt_cv_sys_global_symbol_pipe=
lt_cv_sys_global_symbol_to_c_name_address='/usr/bin/sed -n -e '\''s/^: \(.*\) .*$/  {"\1", (void *) 0},/p'\'' -e '\''s/^[BCDEGRST][BCDEGRST]* .* \(.*\)$/  {"\1", (void *) \&\1},/p'\'''
lt_cv_sys_global_symbol_to_c_name_address_lib_prefix='/usr/bin/sed -n -e '\''s/^: \(.*\) .*$/  {"\1", (void *) 0},/p'\'' -e '\''s/^[BCDEGRST][BCDEGRST]* .* \(lib.*\)$/  {"\1", (void *) \&\1},/p'\'' -e '\''s/^[BCDEGRST][BCDEGRST]* .* \(.*\)$/  {"lib\1", (void *) \&\1},/p'\'''
lt_cv_sys_global_symbol_to_cdecl=
lt_cv_sys_global_symbol_to_import=
lt_cv_sys_max_cmd_len=786432
lt_cv_sys_symbol_underscore=no
lt_cv_to_host_file_cmd=func_convert_file_noop
lt_cv_to_tool_file_cmd=func_convert_file_noop
lt_cv_truncate_bin='/bin/dd bs=4096 count=1'

## ----------------- ##
## Output variables. ##
## ----------------- ##

ACLOCAL='${SHELL} '\''/Users/sariha/Desktop/Test_Kivy/.buildozer/android/platform/build-arm64-v8a_armeabi-v7a/build/other_builds/libffi/arm64-v8a__ndk_target_21/libffi/missing'\'' aclocal-1.17'
ALLOCA=''
AMDEPBACKSLASH='\'
AMDEP_FALSE='#'
AMDEP_TRUE=''
AMTAR='$${TAR-tar}'
AM_BACKSLASH='\'
AM_DEFAULT_V='$(AM_DEFAULT_VERBOSITY)'
AM_DEFAULT_VERBOSITY='1'
AM_LTLDFLAGS=''
AM_RUNTESTFLAGS=''
AM_V='$(V)'
AR='/Users/sariha/.buildozer/android/platform/android-ndk-r25b/toolchains/llvm/prebuilt/darwin-x86_64/bin/llvm-ar'
AUTOCONF='${SHELL} '\''/Users/sariha/Desktop/Test_Kivy/.buildozer/android/platform/build-arm64-v8a_armeabi-v7a/build/other_builds/libffi/arm64-v8a__ndk_target_21/libffi/missing'\'' autoconf'
AUTOHEADER='${SHELL} '\''/Users/sariha/Desktop/Test_Kivy/.buildozer/android/platform/build-arm64-v8a_armeabi-v7a/build/other_builds/libffi/arm64-v8a__ndk_target_21/libffi/missing'\'' autoheader'
AUTOMAKE='${SHELL} '\''/Users/sariha/Desktop/Test_Kivy/.buildozer/android/platform/build-arm64-v8a_armeabi-v7a/build/other_builds/libffi/arm64-v8a__ndk_target_21/libffi/missing'\'' automake-1.17'
AWK='awk'
BUILD_DOCS_FALSE='#'
BUILD_DOCS_TRUE=''
CC='/Users/sariha/.buildozer/android/platform/android-ndk-r25b/toolchains/llvm/prebuilt/darwin-x86_64/bin/clang -target aarch64-linux-android21 -fomit-frame-pointer -march=armv8-a -fPIC'
CCAS='/Users/sariha/.buildozer/android/platform/android-ndk-r25b/toolchains/llvm/prebuilt/darwin-x86_64/bin/clang -target aarch64-linux-android21 -fomit-frame-pointer -march=armv8-a -fPIC'
CCASDEPMODE='depmode=gcc3'
CCASFLAGS='-target aarch64-linux-android21 -fomit-frame-pointer -march=armv8-a -fPIC'
CCDEPMODE='depmode=gcc3'
CFLAGS='-target aarch64-linux-android21 -fomit-frame-pointer -march=armv8-a -fPIC -Wall -fexceptions'
CPPFLAGS='-DANDROID -I/Users/sariha/.buildozer/android/platform/android-ndk-r25b/toolchains/llvm/prebuilt/darwin-x86_64/sysroot/usr/include -I/Users/sariha/Desktop/Test_Kivy/.buildozer/android/platform/build-arm64-v8a_armeabi-v7a/build/python-installs/myapp/arm64-v8a/include/python3.1'
CSCOPE='cscope'
CTAGS='ctags'
CXX='/Users/sariha/.buildozer/android/platform/android-ndk-r25b/toolchains/llvm/prebuilt/darwin-x86_64/bin/clang++ -target aarch64-linux-android21 -fomit-frame-pointer -march=armv8-a -fPIC'
CXXCPP='/Users/sariha/.buildozer/android/platform/android-ndk-r25b/toolchains/llvm/prebuilt/darwin-x86_64/bin/clang++ -target aarch64-linux-android21 -fomit-frame-pointer -march=armv8-a -fPIC -E'
CXXDEPMODE='depmode=gcc3'
CXXFLAGS='-target aarch64-linux-android21 -fomit-frame-pointer -march=armv8-a -fPIC'
CYGPATH_W='echo'
DEFS='-DHAVE_CONFIG_H'
DEPDIR='.deps'
DLLTOOL='false'
DSYMUTIL=''
DUMPBIN=':'
ECHO_C='\c'
ECHO_N=''
ECHO_T=''
EGREP='/usr/bin/grep -E'
ETAGS='etags'
EXEEXT=''
FFI_DEBUG_FALSE=''
FFI_DEBUG_TRUE='#'
FFI_EXEC_TRAMPOLINE_TABLE='0'
FFI_EXEC_TRAMPOLINE_TABLE_FALSE=''
FFI_EXEC_TRAMPOLINE_TABLE_TRUE='#'
FGREP='/usr/bin/grep -F'
FILECMD='file'
GREP='/usr/bin/grep'
HAVE_LONG_DOUBLE='1'
HAVE_LONG_DOUBLE_VARIANT='0'
INSTALL_DATA='${INSTALL} -m 644'
INSTALL_PROGRAM='${INSTALL}'
INSTALL_SCRIPT='${INSTALL}'
INSTALL_STRIP_PROGRAM='$(install_sh) -c -s'
LD='/Users/sariha/.buildozer/android/platform/android-ndk-r25b/toolchains/llvm/prebuilt/darwin-x86_64/bin/ld'
LDFLAGS='  -L/Users/sariha/Desktop/Test_Kivy/.buildozer/android/platform/build-arm64-v8a_armeabi-v7a/build/libs_collections/myapp/arm64-v8a'
LIBFFI_BUILD_VERSIONED_SHLIB_FALSE='#'
LIBFFI_BUILD_VERSIONED_SHLIB_GNU_FALSE='#'
LIBFFI_BUILD_VERSIONED_SHLIB_GNU_TRUE=''
LIBFFI_BUILD_VERSIONED_SHLIB_SUN_FALSE=''
LIBFFI_BUILD_VERSIONED_SHLIB_SUN_TRUE='#'
LIBFFI_BUILD_VERSIONED_SHLIB_TRUE=''
LIBOBJS=''
LIBS=''
LIBTOOL='$(SHELL) $(top_builddir)/libtool'
LIPO=''
LN_S='ln -s'
LTLIBOBJS=''
LT_SYS_LIBRARY_PATH=''
MAINT='#'
MAINTAINER_MODE_FALSE=''
MAINTAINER_MODE_TRUE='#'
MAKEINFO='${SHELL} '\''/Users/sariha/Desktop/Test_Kivy/.buildozer/android/platform/build-arm64-v8a_armeabi-v7a/build/other_builds/libffi/arm64-v8a__ndk_target_21/libffi/missing'\'' makeinfo'
MANIFEST_TOOL=':'
MKDIR_P='mkdir -p'
NM='nm'
NMEDIT=''
OBJDUMP='objdump'
OBJEXT='o'
OPT_LDFLAGS='-Wl,-O1 '
OTOOL64=''
OTOOL=''
PACKAGE='libffi'
PACKAGE_BUGREPORT='http://github.com/libffi/libffi/issues'
PACKAGE_NAME='libffi'
PACKAGE_STRING='libffi 3.4.2'
PACKAGE_TARNAME='libffi'
PACKAGE_URL=''
PACKAGE_VERSION='3.4.2'
PATH_SEPARATOR=':'
PRTDIAG=''
RANLIB='/Users/sariha/.buildozer/android/platform/android-ndk-r25b/toolchains/llvm/prebuilt/darwin-x86_64/bin/llvm-ranlib'
READELF='/Users/sariha/.buildozer/android/platform/android-ndk-r25b/toolchains/llvm/prebuilt/darwin-x86_64/bin/llvm-readelf'
SECTION_LDFLAGS=''
SED='/usr/bin/sed'
SET_MAKE=''
SHELL='/bin/sh'
STRIP='/Users/sariha/.buildozer/android/platform/android-ndk-r25b/toolchains/llvm/prebuilt/darwin-x86_64/bin/llvm-strip --strip-unneeded'
TARGET='AARCH64'
TARGETDIR='aarch64'
TARGET_OBJ=' src/aarch64/ffi.lo src/aarch64/sysv.lo'
TESTSUBDIR_FALSE='#'
TESTSUBDIR_TRUE=''
VERSION='3.4.2'
ac_ct_AR=''
ac_ct_CC=''
ac_ct_CXX=''
ac_ct_DUMPBIN='link -dump'
am__EXEEXT_FALSE=''
am__EXEEXT_TRUE='#'
am__fastdepCCAS_FALSE='#'
am__fastdepCCAS_TRUE=''
am__fastdepCC_FALSE='#'
am__fastdepCC_TRUE=''
am__fastdepCXX_FALSE='#'
am__fastdepCXX_TRUE=''
am__include='include'
am__isrc=''
am__leading_dot='.'
am__nodep='_no'
am__quote=''
am__rm_f_notfound=''
am__tar='$${TAR-tar} chof - "$$tardir"'
am__untar='$${TAR-tar} xf -'
am__xargs_n='xargs -n'
ax_enable_builddir_sed='sed'
bindir='${exec_prefix}/bin'
build='aarch64-apple-darwin24.0.0'
build_alias=''
build_cpu='aarch64'
build_os='darwin24.0.0'
build_vendor='apple'
datadir='${datarootdir}'
datarootdir='${prefix}/share'
docdir='${datarootdir}/doc/${PACKAGE_TARNAME}'
dvidir='${docdir}'
exec_prefix='${prefix}'
host='aarch64-unknown-linux-android'
host_alias='aarch64-linux-android'
host_cpu='aarch64'
host_os='linux-android'
host_vendor='unknown'
htmldir='${docdir}'
includedir='${prefix}/include'
infodir='${datarootdir}/info'
install_sh='${SHELL} /Users/sariha/Desktop/Test_Kivy/.buildozer/android/platform/build-arm64-v8a_armeabi-v7a/build/other_builds/libffi/arm64-v8a__ndk_target_21/libffi/install-sh'
libdir='${exec_prefix}/lib'
libexecdir='${exec_prefix}/libexec'
localedir='${datarootdir}/locale'
localstatedir='${prefix}/var'
mandir='${datarootdir}/man'
mkdir_p='$(MKDIR_P)'
oldincludedir='/usr/include'
pdfdir='${docdir}'
prefix='/Users/sariha/Desktop/Test_Kivy/.buildozer/android/platform/build-arm64-v8a_armeabi-v7a/build/other_builds/libffi/arm64-v8a__ndk_target_21/libffi'
program_transform_name='s,x,x,'
psdir='${docdir}'
runstatedir='${localstatedir}/run'
sbindir='${exec_prefix}/sbin'
sharedstatedir='${prefix}/com'
sys_symbol_underscore='no'
sysconfdir='${prefix}/etc'
target='aarch64-unknown-linux-android'
target_alias='aarch64-linux-android'
target_cpu='aarch64'
target_os='linux-android'
target_vendor='unknown'
toolexecdir='${libdir}/gcc-lib/$(target_alias)'
toolexeclibdir='${libdir}'

## ----------- ##
## confdefs.h. ##
## ----------- ##

/* confdefs.h */
#define PACKAGE_NAME "libffi"
#define PACKAGE_TARNAME "libffi"
#define PACKAGE_VERSION "3.4.2"
#define PACKAGE_STRING "libffi 3.4.2"
#define PACKAGE_BUGREPORT "http://github.com/libffi/libffi/issues"
#define PACKAGE_URL ""
#define PACKAGE "libffi"
#define VERSION "3.4.2"
#define HAVE_STDIO_H 1
#define HAVE_STDLIB_H 1
#define HAVE_STRING_H 1
#define HAVE_INTTYPES_H 1
#define HAVE_STDINT_H 1
#define HAVE_STRINGS_H 1
#define HAVE_SYS_STAT_H 1
#define HAVE_SYS_TYPES_H 1
#define HAVE_UNISTD_H 1
#define STDC_HEADERS 1
#define HAVE_DLFCN_H 1
#define LT_OBJDIR ".libs/"
#define SIZEOF_SIZE_T 8
#define HAVE_SYS_MMAN_H 1
#define HAVE_MMAP 1
#define HAVE_MKSTEMP 1
#define HAVE_MMAP_FILE 1
#define HAVE_MMAP_DEV_ZERO 1
#define HAVE_MMAP_ANON 1
#define HAVE_MEMCPY 1
#define HAVE_ALLOCA_H 1
#define HAVE_ALLOCA 1
#define SIZEOF_DOUBLE 8
#define SIZEOF_LONG_DOUBLE 16
#define HAVE_LONG_DOUBLE 1
#define HAVE_AS_CFI_PSEUDO_OP 1
#define FFI_MMAP_EXEC_WRIT 1
#define HAVE_RO_EH_FRAME 1
#define EH_FRAME_FLAGS "a"
#define HAVE_HIDDEN_VISIBILITY_ATTRIBUTE 1
#define FFI_EXEC_STATIC_TRAMP 1
#define LIBFFI_GNU_SYMBOL_VERSIONING 1

configure: exit 0
